#
# A fatal error has been detected by the Java Runtime Environment:
#
#  SIGSEGV (0xb) at pc=0x0000000000000000, pid=10220, tid=140688704923392
#
# JRE version: OpenJDK Runtime Environment (8.0_45-b13) (build 1.8.0_45-b13)
# Java VM: OpenJDK 64-Bit Server VM (25.45-b02 mixed mode linux-amd64 compressed oops)
# Problematic frame:
# C  0x0000000000000000
#
# Failed to write core dump. Core dumps have been disabled. To enable core dumping, try "ulimit -c unlimited" before starting Java again
#
# If you would like to submit a bug report, please visit:
#   http://bugreport.java.com/bugreport/crash.jsp
#

---------------  T H R E A D  ---------------

Current thread is native thread

siginfo: si_signo: 11 (SIGSEGV), si_code: 1 (SEGV_MAPERR), si_addr: 0x0000000000000000

Registers:
RAX=0x00007ff4a8ed87c0, RBX=0x0000000000000400, RCX=0x00007ff4b002c0c0, RDX=0x00007ff4b002c0c0
RSP=0x00007ff4a447dd58, RBP=0x00007ff4b0016f40, RSI=0x0000000000000000, RDI=0x00007ff4b0016f40
R8 =0x0000000000a13400, R9 =0x0000000000000000, R10=0x0000000000000000, R11=0x0000000000000000
R12=0x00007ff4b001b0d0, R13=0x0000000000012000, R14=0x0000000000001000, R15=0x00007ff4a447df08
RIP=0x0000000000000000, EFLAGS=0x0000000000010246, CSGSFS=0x0000000000000033, ERR=0x0000000000000014
  TRAPNO=0x000000000000000e

Top of Stack: (sp=0x00007ff4a447dd58)
0x00007ff4a447dd58:   00007ff4a8ca14d1 00007ff4b000fa28
0x00007ff4a447dd68:   00000000e16243d8 01007ff4bb800000
0x00007ff4a447dd78:   00000039e1c7d358 0000003900000000
0x00007ff4a447dd88:   00000039e1a2d852 0000000001c9c380
0x00007ff4a447dd98:   00007ff4a0005c10 00007ff498000ba0
0x00007ff4a447dda8:   0000003543e0f179 0000000000000000
0x00007ff4a447ddb8:   00000039e1a25f2b 00007ff4a0000c30
0x00007ff4a447ddc8:   0000000000000000 0000000000002000
0x00007ff4a447ddd8:   0000000000000000 00007ff4b0015e20
0x00007ff4a447dde8:   00000039e1623d1a 57007ff4a447deb0
0x00007ff4a447ddf8:   ba65a0982947db00 0000000000000000
0x00007ff4a447de08:   00000039e1623e34 0000000000000000
0x00007ff4a447de18:   00000039e1a2d852 0000000000002000
0x00007ff4a447de28:   00007ff4b0012aa0 0000000000002000
0x00007ff4a447de38:   00000039e1a361a2 0000000000002000
0x00007ff4a447de48:   00007ff4b001b0d0 00007ff4b001b0d0
0x00007ff4a447de58:   0000000000002000 00007ff4b0012aa0
0x00007ff4a447de68:   00007ff4a44bf040 00000400a447df00
0x00007ff4a447de78:   00007ff4a447de90 00000039e1625960
0x00007ff4a447de88:   00000039e1627f49 00001fa00000037f
0x00007ff4a447de98:   00007ff4b0015e20 0000000000000000
0x00007ff4a447dea8:   0000000000002000 00007ff4b00121b0
0x00007ff4a447deb8:   0000000000000000 00007ff4b0016f40
0x00007ff4a447dec8:   0000000000000008 00007ff4a447df08
0x00007ff4a447ded8:   00007ff4a8cb7544 0000000000000000
0x00007ff4a447dee8:   00007ff4a447df00 0000000000002000
0x00007ff4a447def8:   0000000000006700 00007ff4a44bf040
0x00007ff4a447df08:   0000000000002000 0000000000000000
0x00007ff4a447df18:   00007ff4b0015bf0 0000000000000000
0x00007ff4a447df28:   00007ff4f092f500 0000000000000000
0x00007ff4a447df38:   00007ff4a447e700 00007ff4a447e9c0
0x00007ff4a447df48:   00007ff4a8caa73a 0000000000000000 

Instructions: (pc=0x0000000000000000)
0xffffffffffffffe0:   

Register to memory mapping:

RAX=0x00007ff4a8ed87c0: <offset 0x2577c0> in /home/Suinos/git/mpa/Medieval_POST-APOCALYPSE_logica/libopenal64.so at 0x00007ff4a8c81000
RBX=0x0000000000000400 is an unknown value
RCX=0x00007ff4b002c0c0 is an unknown value
RDX=0x00007ff4b002c0c0 is an unknown value
RSP=0x00007ff4a447dd58 is an unknown value
RBP=0x00007ff4b0016f40 is an unknown value
RSI=0x0000000000000000 is an unknown value
RDI=0x00007ff4b0016f40 is an unknown value
R8 =0x0000000000a13400 is an unknown value
R9 =0x0000000000000000 is an unknown value
R10=0x0000000000000000 is an unknown value
R11=0x0000000000000000 is an unknown value
R12=0x00007ff4b001b0d0 is an unknown value
R13=0x0000000000012000 is an unknown value
R14=0x0000000000001000 is an unknown value
R15=0x00007ff4a447df08 is an unknown value


Stack: [0x00007ff4a437e000,0x00007ff4a447f000],  sp=0x00007ff4a447dd58,  free space=1023k

---------------  P R O C E S S  ---------------

VM state:at safepoint (shutting down)

VM Mutex/Monitor currently owned by a thread:  ([mutex/lock_event])
[0x00007ff528007290] Threads_lock - owner thread: 0x00007ff528085800

Heap:
 PSYoungGen      total 27648K, used 4338K [0x00000000eb800000, 0x00000000ed580000, 0x0000000100000000)
  eden space 26112K, 16% used [0x00000000eb800000,0x00000000ebc24890,0x00000000ed180000)
  from space 1536K, 6% used [0x00000000ed400000,0x00000000ed418000,0x00000000ed580000)
  to   space 2048K, 0% used [0x00000000ed180000,0x00000000ed180000,0x00000000ed380000)
 ParOldGen       total 48640K, used 16690K [0x00000000c2800000, 0x00000000c5780000, 0x00000000eb800000)
  object space 48640K, 34% used [0x00000000c2800000,0x00000000c384cb10,0x00000000c5780000)
 Metaspace       used 25939K, capacity 26292K, committed 26496K, reserved 1073152K
  class space    used 2569K, capacity 2677K, committed 2688K, reserved 1048576K

Card table byte_map: [0x00007ff52ccc7000,0x00007ff52ceb4000] byte_map_base: 0x00007ff52c6b3000

Marking Bits: (ParMarkBitMap*) 0x00007ff52eb33e40
 Begin Bits: [0x00007ff506140000, 0x00007ff5070a0000)
 End Bits:   [0x00007ff5070a0000, 0x00007ff508000000)

Polling page: 0x00007ff52eb80000

CodeCache: size=245760Kb used=12914Kb max_used=13016Kb free=232846Kb
 bounds [0x00007ff519000000, 0x00007ff519ce0000, 0x00007ff528000000]
 total_blobs=4394 nmethods=3643 adapters=664
 compilation: enabled

Compilation events (10 events):
Event: 176,208 Thread 0x00007ff5280cf000 4298       3       java.util.logging.LogManager::checkPermission (17 bytes)
Event: 176,208 Thread 0x00007ff5280cf000 nmethod 4298 0x00007ff519758450 code [0x00007ff5197585c0, 0x00007ff519758888]
Event: 176,209 Thread 0x00007ff5280cf000 4300   !   3       java.util.logging.Logger::doSetParent (174 bytes)
Event: 176,211 Thread 0x00007ff5280cf000 nmethod 4300 0x00007ff519ae3150 code [0x00007ff519ae3420, 0x00007ff519ae4d68]
Event: 176,212 Thread 0x00007ff5280cf000 4299       3       java.util.logging.Logger::updateEffectiveLevel (115 bytes)
Event: 176,213 Thread 0x00007ff5280cf000 nmethod 4299 0x00007ff5197e4710 code [0x00007ff5197e4900, 0x00007ff5197e5348]
Event: 176,225 Thread 0x00007ff5280cf000 4301       3       java.util.logging.LogManager$LoggerContext::ensureInitialized (24 bytes)
Event: 176,226 Thread 0x00007ff5280cf000 nmethod 4301 0x00007ff519717010 code [0x00007ff5197171e0, 0x00007ff519717a08]
Event: 176,227 Thread 0x00007ff5280cf000 4302  s    3       java.util.logging.LogManager$LoggerContext::findLogger (40 bytes)
Event: 176,228 Thread 0x00007ff5280cf000 nmethod 4302 0x00007ff51972fb10 code [0x00007ff51972fd20, 0x00007ff519730bc8]

GC Heap History (10 events):
Event: 150,839 GC heap before
{Heap before GC invocations=43 (full 1):
 PSYoungGen      total 29184K, used 28768K [0x00000000eb800000, 0x00000000eda00000, 0x0000000100000000)
  eden space 28672K, 100% used [0x00000000eb800000,0x00000000ed400000,0x00000000ed400000)
  from space 512K, 18% used [0x00000000ed480000,0x00000000ed498000,0x00000000ed500000)
  to   space 3072K, 0% used [0x00000000ed700000,0x00000000ed700000,0x00000000eda00000)
 ParOldGen       total 48640K, used 16690K [0x00000000c2800000, 0x00000000c5780000, 0x00000000eb800000)
  object space 48640K, 34% used [0x00000000c2800000,0x00000000c384cb10,0x00000000c5780000)
 Metaspace       used 25916K, capacity 26292K, committed 26496K, reserved 1073152K
  class space    used 2568K, capacity 2677K, committed 2688K, reserved 1048576K
Event: 150,847 GC heap after
Heap after GC invocations=43 (full 1):
 PSYoungGen      total 29696K, used 64K [0x00000000eb800000, 0x00000000ed880000, 0x0000000100000000)
  eden space 28160K, 0% used [0x00000000eb800000,0x00000000eb800000,0x00000000ed380000)
  from space 1536K, 4% used [0x00000000ed700000,0x00000000ed710000,0x00000000ed880000)
  to   space 2560K, 0% used [0x00000000ed380000,0x00000000ed380000,0x00000000ed600000)
 ParOldGen       total 48640K, used 16690K [0x00000000c2800000, 0x00000000c5780000, 0x00000000eb800000)
  object space 48640K, 34% used [0x00000000c2800000,0x00000000c384cb10,0x00000000c5780000)
 Metaspace       used 25916K, capacity 26292K, committed 26496K, reserved 1073152K
  class space    used 2568K, capacity 2677K, committed 2688K, reserved 1048576K
}
Event: 156,632 GC heap before
{Heap before GC invocations=44 (full 1):
 PSYoungGen      total 29696K, used 28224K [0x00000000eb800000, 0x00000000ed880000, 0x0000000100000000)
  eden space 28160K, 100% used [0x00000000eb800000,0x00000000ed380000,0x00000000ed380000)
  from space 1536K, 4% used [0x00000000ed700000,0x00000000ed710000,0x00000000ed880000)
  to   space 2560K, 0% used [0x00000000ed380000,0x00000000ed380000,0x00000000ed600000)
 ParOldGen       total 48640K, used 16690K [0x00000000c2800000, 0x00000000c5780000, 0x00000000eb800000)
  object space 48640K, 34% used [0x00000000c2800000,0x00000000c384cb10,0x00000000c5780000)
 Metaspace       used 25916K, capacity 26292K, committed 26496K, reserved 1073152K
  class space    used 2568K, capacity 2677K, committed 2688K, reserved 1048576K
Event: 156,633 GC heap after
Heap after GC invocations=44 (full 1):
 PSYoungGen      total 28160K, used 64K [0x00000000eb800000, 0x00000000ed800000, 0x0000000100000000)
  eden space 27648K, 0% used [0x00000000eb800000,0x00000000eb800000,0x00000000ed300000)
  from space 512K, 12% used [0x00000000ed380000,0x00000000ed390000,0x00000000ed400000)
  to   space 2560K, 0% used [0x00000000ed580000,0x00000000ed580000,0x00000000ed800000)
 ParOldGen       total 48640K, used 16690K [0x00000000c2800000, 0x00000000c5780000, 0x00000000eb800000)
  object space 48640K, 34% used [0x00000000c2800000,0x00000000c384cb10,0x00000000c5780000)
 Metaspace       used 25916K, capacity 26292K, committed 26496K, reserved 1073152K
  class space    used 2568K, capacity 2677K, committed 2688K, reserved 1048576K
}
Event: 163,753 GC heap before
{Heap before GC invocations=45 (full 1):
 PSYoungGen      total 28160K, used 27712K [0x00000000eb800000, 0x00000000ed800000, 0x0000000100000000)
  eden space 27648K, 100% used [0x00000000eb800000,0x00000000ed300000,0x00000000ed300000)
  from space 512K, 12% used [0x00000000ed380000,0x00000000ed390000,0x00000000ed400000)
  to   space 2560K, 0% used [0x00000000ed580000,0x00000000ed580000,0x00000000ed800000)
 ParOldGen       total 48640K, used 16690K [0x00000000c2800000, 0x00000000c5780000, 0x00000000eb800000)
  object space 48640K, 34% used [0x00000000c2800000,0x00000000c384cb10,0x00000000c5780000)
 Metaspace       used 25916K, capacity 26292K, committed 26496K, reserved 1073152K
  class space    used 2568K, capacity 2677K, committed 2688K, reserved 1048576K
Event: 163,759 GC heap after
Heap after GC invocations=45 (full 1):
 PSYoungGen      total 29184K, used 32K [0x00000000eb800000, 0x00000000ed780000, 0x0000000100000000)
  eden space 27136K, 0% used [0x00000000eb800000,0x00000000eb800000,0x00000000ed280000)
  from space 2048K, 1% used [0x00000000ed580000,0x00000000ed588000,0x00000000ed780000)
  to   space 2560K, 0% used [0x00000000ed280000,0x00000000ed280000,0x00000000ed500000)
 ParOldGen       total 48640K, used 16690K [0x00000000c2800000, 0x00000000c5780000, 0x00000000eb800000)
  object space 48640K, 34% used [0x00000000c2800000,0x00000000c384cb10,0x00000000c5780000)
 Metaspace       used 25916K, capacity 26292K, committed 26496K, reserved 1073152K
  class space    used 2568K, capacity 2677K, committed 2688K, reserved 1048576K
}
Event: 169,021 GC heap before
{Heap before GC invocations=46 (full 1):
 PSYoungGen      total 29184K, used 27168K [0x00000000eb800000, 0x00000000ed780000, 0x0000000100000000)
  eden space 27136K, 100% used [0x00000000eb800000,0x00000000ed280000,0x00000000ed280000)
  from space 2048K, 1% used [0x00000000ed580000,0x00000000ed588000,0x00000000ed780000)
  to   space 2560K, 0% used [0x00000000ed280000,0x00000000ed280000,0x00000000ed500000)
 ParOldGen       total 48640K, used 16690K [0x00000000c2800000, 0x00000000c5780000, 0x00000000eb800000)
  object space 48640K, 34% used [0x00000000c2800000,0x00000000c384cb10,0x00000000c5780000)
 Metaspace       used 25916K, capacity 26292K, committed 26496K, reserved 1073152K
  class space    used 2568K, capacity 2677K, committed 2688K, reserved 1048576K
Event: 169,023 GC heap after
Heap after GC invocations=46 (full 1):
 PSYoungGen      total 27136K, used 64K [0x00000000eb800000, 0x00000000ed600000, 0x0000000100000000)
  eden space 26624K, 0% used [0x00000000eb800000,0x00000000eb800000,0x00000000ed200000)
  from space 512K, 12% used [0x00000000ed280000,0x00000000ed290000,0x00000000ed300000)
  to   space 2048K, 0% used [0x00000000ed400000,0x00000000ed400000,0x00000000ed600000)
 ParOldGen       total 48640K, used 16690K [0x00000000c2800000, 0x00000000c5780000, 0x00000000eb800000)
  object space 48640K, 34% used [0x00000000c2800000,0x00000000c384cb10,0x00000000c5780000)
 Metaspace       used 25916K, capacity 26292K, committed 26496K, reserved 1073152K
  class space    used 2568K, capacity 2677K, committed 2688K, reserved 1048576K
}
Event: 175,324 GC heap before
{Heap before GC invocations=47 (full 1):
 PSYoungGen      total 27136K, used 26688K [0x00000000eb800000, 0x00000000ed600000, 0x0000000100000000)
  eden space 26624K, 100% used [0x00000000eb800000,0x00000000ed200000,0x00000000ed200000)
  from space 512K, 12% used [0x00000000ed280000,0x00000000ed290000,0x00000000ed300000)
  to   space 2048K, 0% used [0x00000000ed400000,0x00000000ed400000,0x00000000ed600000)
 ParOldGen       total 48640K, used 16690K [0x00000000c2800000, 0x00000000c5780000, 0x00000000eb800000)
  object space 48640K, 34% used [0x00000000c2800000,0x00000000c384cb10,0x00000000c5780000)
 Metaspace       used 25924K, capacity 26292K, committed 26496K, reserved 1073152K
  class space    used 2568K, capacity 2677K, committed 2688K, reserved 1048576K
Event: 175,326 GC heap after
Heap after GC invocations=47 (full 1):
 PSYoungGen      total 27648K, used 96K [0x00000000eb800000, 0x00000000ed580000, 0x0000000100000000)
  eden space 26112K, 0% used [0x00000000eb800000,0x00000000eb800000,0x00000000ed180000)
  from space 1536K, 6% used [0x00000000ed400000,0x00000000ed418000,0x00000000ed580000)
  to   space 2048K, 0% used [0x00000000ed180000,0x00000000ed180000,0x00000000ed380000)
 ParOldGen       total 48640K, used 16690K [0x00000000c2800000, 0x00000000c5780000, 0x00000000eb800000)
  object space 48640K, 34% used [0x00000000c2800000,0x00000000c384cb10,0x00000000c5780000)
 Metaspace       used 25924K, capacity 26292K, committed 26496K, reserved 1073152K
  class space    used 2568K, capacity 2677K, committed 2688K, reserved 1048576K
}

Deoptimization events (10 events):
Event: 50,804 Thread 0x00007ff4b8034800 Uncommon trap: reason=unstable_if action=reinterpret pc=0x00007ff519b2e568 method=com.jme3.renderer.queue.GeometryList.add(Lcom/jme3/scene/Geometry;)V @ 9
Event: 50,839 Thread 0x00007ff4b8034800 Uncommon trap: reason=unstable_if action=reinterpret pc=0x00007ff519b06b48 method=com.jme3.renderer.lwjgl.LwjglRenderer.setVertexAttrib(Lcom/jme3/scene/VertexBuffer;Lcom/jme3/scene/VertexBuffer;)V @ 184
Event: 53,275 Thread 0x00007ff4b8034800 Uncommon trap: reason=class_check action=maybe_recompile pc=0x00007ff519b9b5d8 method=com.jme3.light.LightList$1.compare(Ljava/lang/Object;Ljava/lang/Object;)I @ 2
Event: 53,276 Thread 0x00007ff4b8034800 Uncommon trap: reason=class_check action=maybe_recompile pc=0x00007ff519b9b5d8 method=com.jme3.light.LightList$1.compare(Ljava/lang/Object;Ljava/lang/Object;)I @ 2
Event: 64,457 Thread 0x00007ff4b4001800 Uncommon trap: reason=unstable_if action=reinterpret pc=0x00007ff519c5a318 method=mpa.core.logic.World.getObjectsYInTheRange(II)Ljava/util/ArrayList; @ 177
Event: 64,457 Thread 0x00007ff4b4001800 Uncommon trap: reason=class_check action=maybe_recompile pc=0x00007ff519c54274 method=mpa.core.logic.World.checkForCollisionInTheRange(FFFF)Ljava/util/ArrayList; @ 94
Event: 64,463 Thread 0x00007ff4b4001800 Uncommon trap: reason=unstable_if action=reinterpret pc=0x00007ff5199f1858 method=mpa.core.logic.World.getObjectsYInTheRange(II)Ljava/util/ArrayList; @ 177
Event: 64,463 Thread 0x00007ff4b4001800 Uncommon trap: reason=unstable_if action=reinterpret pc=0x00007ff519c75f08 method=mpa.core.logic.PathCalculatorImplementation.addToOpenList(Lmpa/core/logic/MyPathNode;)Z @ 150
Event: 64,464 Thread 0x00007ff4b4001800 Uncommon trap: reason=class_check action=maybe_recompile pc=0x00007ff519c54274 method=mpa.core.logic.World.checkForCollisionInTheRange(FFFF)Ljava/util/ArrayList; @ 94
Event: 64,464 Thread 0x00007ff4b4001800 Uncommon trap: reason=unstable_if action=reinterpret pc=0x00007ff519c53e68 method=mpa.core.logic.World.checkForCollisionInTheRange(FFFF)Ljava/util/ArrayList; @ 18

Internal exceptions (10 events):
Event: 40,125 Thread 0x00007ff4ac25a000 Exception <a 'java/security/PrivilegedActionException'> (0x00000000ebd24128) thrown at [/builddir/build/BUILD/java-1.8.0-openjdk-1.8.0.45-31.b13.fc21.x86_64/jdk8/hotspot/src/share/vm/prims/jvm.cpp, line 1382]
Event: 40,125 Thread 0x00007ff4ac25a000 Exception <a 'java/security/PrivilegedActionException'> (0x00000000ebd25c08) thrown at [/builddir/build/BUILD/java-1.8.0-openjdk-1.8.0.45-31.b13.fc21.x86_64/jdk8/hotspot/src/share/vm/prims/jvm.cpp, line 1382]
Event: 40,125 Thread 0x00007ff4ac25a000 Exception <a 'java/security/PrivilegedActionException'> (0x00000000ebd267b0) thrown at [/builddir/build/BUILD/java-1.8.0-openjdk-1.8.0.45-31.b13.fc21.x86_64/jdk8/hotspot/src/share/vm/prims/jvm.cpp, line 1382]
Event: 40,125 Thread 0x00007ff4ac25a000 Exception <a 'java/security/PrivilegedActionException'> (0x00000000ebd27328) thrown at [/builddir/build/BUILD/java-1.8.0-openjdk-1.8.0.45-31.b13.fc21.x86_64/jdk8/hotspot/src/share/vm/prims/jvm.cpp, line 1382]
Event: 42,135 Thread 0x00007ff4b8034800 Implicit null exception at 0x00007ff5197906b7 to 0x00007ff519790e11
Event: 42,136 Thread 0x00007ff4b8034800 Implicit null exception at 0x00007ff5197816ff to 0x00007ff51978195d
Event: 44,196 Thread 0x00007ff4b8034800 Implicit null exception at 0x00007ff519858142 to 0x00007ff51985a655
Event: 44,196 Thread 0x00007ff4b8034800 Implicit null exception at 0x00007ff51984f3f1 to 0x00007ff519850501
Event: 47,323 Thread 0x00007ff4ad466800 Implicit null exception at 0x00007ff519adf22a to 0x00007ff519adf2f1
Event: 48,271 Thread 0x00007ff4b8034800 Implicit null exception at 0x00007ff519b83ab9 to 0x00007ff519b88fbd

Events (10 events):
Event: 176,222 Executing VM operation: RevokeBias done
Event: 176,224 Executing VM operation: RevokeBias
Event: 176,224 Executing VM operation: RevokeBias done
Event: 176,224 Executing VM operation: RevokeBias
Event: 176,224 Executing VM operation: RevokeBias done
Event: 176,225 Thread 0x00007ff4c401e000 Thread exited: 0x00007ff4c401e000
Event: 176,583 Thread 0x00007ff4c401d000 Thread exited: 0x00007ff4c401d000
Event: 176,583 Thread 0x00007ff4c4028000 Thread exited: 0x00007ff4c4028000
Event: 176,584 Thread 0x00007ff5280be000 Thread exited: 0x00007ff5280be000
Event: 176,584 Executing VM operation: Exit


Dynamic libraries:
00400000-00401000 r-xp 00000000 08:08 1052483                            /usr/lib/jvm/java-1.8.0-openjdk-1.8.0.45-31.b13.fc21.x86_64/bin/java
00600000-00601000 r--p 00000000 08:08 1052483                            /usr/lib/jvm/java-1.8.0-openjdk-1.8.0.45-31.b13.fc21.x86_64/bin/java
00601000-00602000 rw-p 00001000 08:08 1052483                            /usr/lib/jvm/java-1.8.0-openjdk-1.8.0.45-31.b13.fc21.x86_64/bin/java
00611000-00632000 rw-p 00000000 00:00 0                                  [heap]
c2800000-c5780000 rw-p 00000000 00:00 0 
c5780000-eb800000 ---p 00000000 00:00 0 
eb800000-ed580000 rw-p 00000000 00:00 0 
ed580000-100000000 ---p 00000000 00:00 0 
100000000-1002a0000 rw-p 00000000 00:00 0 
1002a0000-140000000 ---p 00000000 00:00 0 
30a5200000-30a5232000 r-xp 00000000 08:08 2639241                        /usr/lib64/libedit.so.0.0.53
30a5232000-30a5431000 ---p 00032000 08:08 2639241                        /usr/lib64/libedit.so.0.0.53
30a5431000-30a5433000 r--p 00031000 08:08 2639241                        /usr/lib64/libedit.so.0.0.53
30a5433000-30a5434000 rw-p 00033000 08:08 2639241                        /usr/lib64/libedit.so.0.0.53
30a5434000-30a5438000 rw-p 00000000 00:00 0 
30a6a00000-30a6a0f000 r-xp 00000000 08:08 2639183                        /usr/lib64/libudev.so.1.6.1
30a6a0f000-30a6a10000 r--p 0000e000 08:08 2639183                        /usr/lib64/libudev.so.1.6.1
30a6a10000-30a6a11000 rw-p 0000f000 08:08 2639183                        /usr/lib64/libudev.so.1.6.1
3543600000-3543621000 r-xp 00000000 08:08 2621792                        /usr/lib64/ld-2.20.so
3543821000-3543822000 r--p 00021000 08:08 2621792                        /usr/lib64/ld-2.20.so
3543822000-3543823000 rw-p 00022000 08:08 2621792                        /usr/lib64/ld-2.20.so
3543823000-3543824000 rw-p 00000000 00:00 0 
3543a00000-3543bb3000 r-xp 00000000 08:08 2623077                        /usr/lib64/libc-2.20.so
3543bb3000-3543db3000 ---p 001b3000 08:08 2623077                        /usr/lib64/libc-2.20.so
3543db3000-3543db7000 r--p 001b3000 08:08 2623077                        /usr/lib64/libc-2.20.so
3543db7000-3543db9000 rw-p 001b7000 08:08 2623077                        /usr/lib64/libc-2.20.so
3543db9000-3543dbd000 rw-p 00000000 00:00 0 
3543e00000-3543e17000 r-xp 00000000 08:08 2628007                        /usr/lib64/libpthread-2.20.so
3543e17000-3544016000 ---p 00017000 08:08 2628007                        /usr/lib64/libpthread-2.20.so
3544016000-3544017000 r--p 00016000 08:08 2628007                        /usr/lib64/libpthread-2.20.so
3544017000-3544018000 rw-p 00017000 08:08 2628007                        /usr/lib64/libpthread-2.20.so
3544018000-354401c000 rw-p 00000000 00:00 0 
3544200000-3544203000 r-xp 00000000 08:08 2628109                        /usr/lib64/libdl-2.20.so
3544203000-3544402000 ---p 00003000 08:08 2628109                        /usr/lib64/libdl-2.20.so
3544402000-3544403000 r--p 00002000 08:08 2628109                        /usr/lib64/libdl-2.20.so
3544403000-3544404000 rw-p 00003000 08:08 2628109                        /usr/lib64/libdl-2.20.so
3544600000-3544615000 r-xp 00000000 08:08 2639673                        /usr/lib64/libz.so.1.2.8
3544615000-3544814000 ---p 00015000 08:08 2639673                        /usr/lib64/libz.so.1.2.8
3544814000-3544815000 r--p 00014000 08:08 2639673                        /usr/lib64/libz.so.1.2.8
3544815000-3544816000 rw-p 00015000 08:08 2639673                        /usr/lib64/libz.so.1.2.8
3544a00000-3544b07000 r-xp 00000000 08:08 2628351                        /usr/lib64/libm-2.20.so
3544b07000-3544d06000 ---p 00107000 08:08 2628351                        /usr/lib64/libm-2.20.so
3544d06000-3544d07000 r--p 00106000 08:08 2628351                        /usr/lib64/libm-2.20.so
3544d07000-3544d08000 rw-p 00107000 08:08 2628351                        /usr/lib64/libm-2.20.so
3544e00000-3544e16000 r-xp 00000000 08:08 2631328                        /usr/lib64/libgcc_s-4.9.2-20150212.so.1
3544e16000-3545015000 ---p 00016000 08:08 2631328                        /usr/lib64/libgcc_s-4.9.2-20150212.so.1
3545015000-3545016000 r--p 00015000 08:08 2631328                        /usr/lib64/libgcc_s-4.9.2-20150212.so.1
3545016000-3545017000 rw-p 00016000 08:08 2631328                        /usr/lib64/libgcc_s-4.9.2-20150212.so.1
3545200000-3545207000 r-xp 00000000 08:08 2639672                        /usr/lib64/librt-2.20.so
3545207000-3545406000 ---p 00007000 08:08 2639672                        /usr/lib64/librt-2.20.so
3545406000-3545407000 r--p 00006000 08:08 2639672                        /usr/lib64/librt-2.20.so
3545407000-3545408000 rw-p 00007000 08:08 2639672                        /usr/lib64/librt-2.20.so
3545a00000-3545a24000 r-xp 00000000 08:08 2639674                        /usr/lib64/liblzma.so.5.0.99
3545a24000-3545c23000 ---p 00024000 08:08 2639674                        /usr/lib64/liblzma.so.5.0.99
3545c23000-3545c24000 r--p 00023000 08:08 2639674                        /usr/lib64/liblzma.so.5.0.99
3545c24000-3545c25000 rw-p 00024000 08:08 2639674                        /usr/lib64/liblzma.so.5.0.99
3545e00000-3545e0f000 r-xp 00000000 08:08 2639693                        /usr/lib64/libbz2.so.1.0.6
3545e0f000-354600e000 ---p 0000f000 08:08 2639693                        /usr/lib64/libbz2.so.1.0.6
354600e000-354600f000 r--p 0000e000 08:08 2639693                        /usr/lib64/libbz2.so.1.0.6
354600f000-3546010000 rw-p 0000f000 08:08 2639693                        /usr/lib64/libbz2.so.1.0.6
3546200000-35462f0000 r-xp 00000000 08:08 2631912                        /usr/lib64/libstdc++.so.6.0.20
35462f0000-35464f0000 ---p 000f0000 08:08 2631912                        /usr/lib64/libstdc++.so.6.0.20
35464f0000-35464f8000 r--p 000f0000 08:08 2631912                        /usr/lib64/libstdc++.so.6.0.20
35464f8000-35464fa000 rw-p 000f8000 08:08 2631912                        /usr/lib64/libstdc++.so.6.0.20
35464fa000-354650f000 rw-p 00000000 00:00 0 
3546600000-3546607000 r-xp 00000000 08:08 2633329                        /usr/lib64/libffi.so.6.0.2
3546607000-3546806000 ---p 00007000 08:08 2633329                        /usr/lib64/libffi.so.6.0.2
3546806000-3546807000 r--p 00006000 08:08 2633329                        /usr/lib64/libffi.so.6.0.2
3546807000-3546808000 rw-p 00007000 08:08 2633329                        /usr/lib64/libffi.so.6.0.2
3546a00000-3546a6c000 r-xp 00000000 08:08 2639689                        /usr/lib64/libpcre.so.1.2.3
3546a6c000-3546c6b000 ---p 0006c000 08:08 2639689                        /usr/lib64/libpcre.so.1.2.3
3546c6b000-3546c6c000 r--p 0006b000 08:08 2639689                        /usr/lib64/libpcre.so.1.2.3
3546c6c000-3546c6d000 rw-p 0006c000 08:08 2639689                        /usr/lib64/libpcre.so.1.2.3
3547600000-3547608000 r-xp 00000000 08:08 2640160                        /usr/lib64/libpciaccess.so.0.11.1
3547608000-3547808000 ---p 00008000 08:08 2640160                        /usr/lib64/libpciaccess.so.0.11.1
3547808000-3547809000 r--p 00008000 08:08 2640160                        /usr/lib64/libpciaccess.so.0.11.1
3547809000-354780a000 rw-p 00009000 08:08 2640160                        /usr/lib64/libpciaccess.so.0.11.1
3547a00000-3547a17000 r-xp 00000000 08:08 2639691                        /usr/lib64/libresolv-2.20.so
3547a17000-3547c16000 ---p 00017000 08:08 2639691                        /usr/lib64/libresolv-2.20.so
3547c16000-3547c17000 r--p 00016000 08:08 2639691                        /usr/lib64/libresolv-2.20.so
3547c17000-3547c18000 rw-p 00017000 08:08 2639691                        /usr/lib64/libresolv-2.20.so
3547c18000-3547c1a000 rw-p 00000000 00:00 0 
3547e00000-3547e32000 r-xp 00000000 08:08 2639694                        /usr/lib64/libpng16.so.16.10.0
3547e32000-3548031000 ---p 00032000 08:08 2639694                        /usr/lib64/libpng16.so.16.10.0
3548031000-3548032000 r--p 00031000 08:08 2639694                        /usr/lib64/libpng16.so.16.10.0
3548032000-3548033000 rw-p 00032000 08:08 2639694                        /usr/lib64/libpng16.so.16.10.0
3548200000-3548226000 r-xp 00000000 08:08 2639714                        /usr/lib64/libexpat.so.1.6.0
3548226000-3548426000 ---p 00026000 08:08 2639714                        /usr/lib64/libexpat.so.1.6.0
3548426000-3548429000 r--p 00026000 08:08 2639714                        /usr/lib64/libexpat.so.1.6.0
3548429000-354842a000 rw-p 00029000 08:08 2639714                        /usr/lib64/libexpat.so.1.6.0
3548600000-3548604000 r-xp 00000000 08:08 2639719                        /usr/lib64/libuuid.so.1.3.0
3548604000-3548803000 ---p 00004000 08:08 2639719                        /usr/lib64/libuuid.so.1.3.0
3548803000-3548804000 r--p 00003000 08:08 2639719                        /usr/lib64/libuuid.so.1.3.0
3548804000-3548805000 rw-p 00004000 08:08 2639719                        /usr/lib64/libuuid.so.1.3.0
3548a00000-3548b3c000 r-xp 00000000 08:08 2639723                        /usr/lib64/libX11.so.6.3.0
3548b3c000-3548d3b000 ---p 0013c000 08:08 2639723                        /usr/lib64/libX11.so.6.3.0
3548d3b000-3548d3d000 r--p 0013b000 08:08 2639723                        /usr/lib64/libX11.so.6.3.0
3548d3d000-3548d42000 rw-p 0013d000 08:08 2639723                        /usr/lib64/libX11.so.6.3.0
3548d42000-3548d43000 rw-p 00000000 00:00 0 
3548e00000-3548e02000 r-xp 00000000 08:08 2639721                        /usr/lib64/libXau.so.6.0.0
3548e02000-3549002000 ---p 00002000 08:08 2639721                        /usr/lib64/libXau.so.6.0.0
3549002000-3549003000 r--p 00002000 08:08 2639721                        /usr/lib64/libXau.so.6.0.0
3549003000-3549004000 rw-p 00003000 08:08 2639721                        /usr/lib64/libXau.so.6.0.0
3549200000-3549221000 r-xp 00000000 08:08 2639722                        /usr/lib64/libxcb.so.1.1.0
3549221000-3549420000 ---p 00021000 08:08 2639722                        /usr/lib64/libxcb.so.1.1.0
3549420000-3549421000 r--p 00020000 08:08 2639722                        /usr/lib64/libxcb.so.1.1.0
3549421000-3549422000 rw-p 00021000 08:08 2639722                        /usr/lib64/libxcb.so.1.1.0
3549600000-35496a4000 r-xp 00000000 08:08 2639695                        /usr/lib64/libfreetype.so.6.11.2
35496a4000-35498a3000 ---p 000a4000 08:08 2639695                        /usr/lib64/libfreetype.so.6.11.2
35498a3000-35498a9000 r--p 000a3000 08:08 2639695                        /usr/lib64/libfreetype.so.6.11.2
35498a9000-35498aa000 rw-p 000a9000 08:08 2639695                        /usr/lib64/libfreetype.so.6.11.2
3549a00000-3549a11000 r-xp 00000000 08:08 2639724                        /usr/lib64/libXext.so.6.4.0
3549a11000-3549c10000 ---p 00011000 08:08 2639724                        /usr/lib64/libXext.so.6.4.0
3549c10000-3549c11000 r--p 00010000 08:08 2639724                        /usr/lib64/libXext.so.6.4.0
3549c11000-3549c12000 rw-p 00011000 08:08 2639724                        /usr/lib64/libXext.so.6.4.0
354a800000-354a805000 r-xp 00000000 08:08 2639728                        /usr/lib64/libXfixes.so.3.1.0
354a805000-354aa04000 ---p 00005000 08:08 2639728                        /usr/lib64/libXfixes.so.3.1.0
354aa04000-354aa05000 r--p 00004000 08:08 2639728                        /usr/lib64/libXfixes.so.3.1.0
354aa05000-354aa06000 rw-p 00005000 08:08 2639728                        /usr/lib64/libXfixes.so.3.1.0
354ac00000-354ac0f000 r-xp 00000000 08:08 2639725                        /usr/lib64/libXi.so.6.1.0
354ac0f000-354ae0e000 ---p 0000f000 08:08 2639725                        /usr/lib64/libXi.so.6.1.0
354ae0e000-354ae0f000 r--p 0000e000 08:08 2639725                        /usr/lib64/libXi.so.6.1.0
354ae0f000-354ae10000 rw-p 0000f000 08:08 2639725                        /usr/lib64/libXi.so.6.1.0
354b000000-354b009000 r-xp 00000000 08:08 2639726                        /usr/lib64/libXrender.so.1.3.0
354b009000-354b208000 ---p 00009000 08:08 2639726                        /usr/lib64/libXrender.so.1.3.0
354b208000-354b209000 r--p 00008000 08:08 2639726                        /usr/lib64/libXrender.so.1.3.0
354b209000-354b20a000 rw-p 00009000 08:08 2639726                        /usr/lib64/libXrender.so.1.3.0
354b800000-354b809000 r-xp 00000000 08:08 2639727                        /usr/lib64/libXrandr.so.2.2.0
354b809000-354ba08000 ---p 00009000 08:08 2639727                        /usr/lib64/libXrandr.so.2.2.0
354ba08000-354ba09000 r--p 00008000 08:08 2639727                        /usr/lib64/libXrandr.so.2.2.0
354ba09000-354ba0a000 rw-p 00009000 08:08 2639727                        /usr/lib64/libXrandr.so.2.2.0
354bc00000-354bc0a000 r-xp 00000000 08:08 2639729                        /usr/lib64/libXcursor.so.1.0.2
354bc0a000-354be09000 ---p 0000a000 08:08 2639729                        /usr/lib64/libXcursor.so.1.0.2
354be09000-354be0a000 r--p 00009000 08:08 2639729                        /usr/lib64/libXcursor.so.1.0.2
354be0a000-354be0b000 rw-p 0000a000 08:08 2639729                        /usr/lib64/libXcursor.so.1.0.2
354c000000-354c017000 r-xp 00000000 08:08 2639718                        /usr/lib64/libICE.so.6.3.0
354c017000-354c217000 ---p 00017000 08:08 2639718                        /usr/lib64/libICE.so.6.3.0
354c217000-354c218000 r--p 00017000 08:08 2639718                        /usr/lib64/libICE.so.6.3.0
354c218000-354c219000 rw-p 00018000 08:08 2639718                        /usr/lib64/libICE.so.6.3.0
354c219000-354c21d000 rw-p 00000000 00:00 0 
354c400000-354c407000 r-xp 00000000 08:08 2639720                        /usr/lib64/libSM.so.6.0.1
354c407000-354c606000 ---p 00007000 08:08 2639720                        /usr/lib64/libSM.so.6.0.1
354c606000-354c607000 r--p 00006000 08:08 2639720                        /usr/lib64/libSM.so.6.0.1
354c607000-354c608000 rw-p 00007000 08:08 2639720                        /usr/lib64/libSM.so.6.0.1
354f600000-354f647000 r-xp 00000000 08:08 2639708                        /usr/lib64/libdbus-1.so.3.8.11
354f647000-354f847000 ---p 00047000 08:08 2639708                        /usr/lib64/libdbus-1.so.3.8.11
354f847000-354f848000 r--p 00047000 08:08 2639708                        /usr/lib64/libdbus-1.so.3.8.11
354f848000-354f849000 rw-p 00048000 08:08 2639708                        /usr/lib64/libdbus-1.so.3.8.11
354fa00000-354fa26000 r-xp 00000000 08:08 2625971                        /usr/lib64/libtinfo.so.5.9
354fa26000-354fc25000 ---p 00026000 08:08 2625971                        /usr/lib64/libtinfo.so.5.9
354fc25000-354fc29000 r--p 00025000 08:08 2625971                        /usr/lib64/libtinfo.so.5.9
354fc29000-354fc2a000 rw-p 00029000 08:08 2625971                        /usr/lib64/libtinfo.so.5.9
3552600000-3552604000 r-xp 00000000 08:08 2639783                        /usr/lib64/libattr.so.1.1.0
3552604000-3552803000 ---p 00004000 08:08 2639783                        /usr/lib64/libattr.so.1.1.0
3552803000-3552804000 r--p 00003000 08:08 2639783                        /usr/lib64/libattr.so.1.1.0
3552804000-3552805000 rw-p 00004000 08:08 2639783                        /usr/lib64/libattr.so.1.1.0
3554600000-3554605000 r-xp 00000000 08:08 2639753                        /usr/lib64/libXtst.so.6.1.0
3554605000-3554804000 ---p 00005000 08:08 2639753                        /usr/lib64/libXtst.so.6.1.0
3554804000-3554805000 r--p 00004000 08:08 2639753                        /usr/lib64/libXtst.so.6.1.0
3554805000-3554806000 rw-p 00005000 08:08 2639753                        /usr/lib64/libXtst.so.6.1.0
3555a00000-3555a01000 r-xp 00000000 08:08 2639828                        /usr/lib64/libX11-xcb.so.1.0.0
3555a01000-3555c00000 ---p 00001000 08:08 2639828                        /usr/lib64/libX11-xcb.so.1.0.0
3555c00000-3555c01000 r--p 00000000 08:08 2639828                        /usr/lib64/libX11-xcb.so.1.0.0
3555c01000-3555c02000 rw-p 00001000 08:08 2639828                        /usr/lib64/libX11-xcb.so.1.0.0
3558c00000-3558c01000 r-xp 00000000 08:08 2639890                        /usr/lib64/libxshmfence.so.1.0.0
3558c01000-3558e01000 ---p 00001000 08:08 2639890                        /usr/lib64/libxshmfence.so.1.0.0
3558e01000-3558e02000 r--p 00001000 08:08 2639890                        /usr/lib64/libxshmfence.so.1.0.0
3558e02000-3558e03000 rw-p 00002000 08:08 2639890                        /usr/lib64/libxshmfence.so.1.0.0
3559000000-3559017000 r-xp 00000000 08:08 2639881                        /usr/lib64/libxcb-glx.so.0.0.0
3559017000-3559216000 ---p 00017000 08:08 2639881                        /usr/lib64/libxcb-glx.so.0.0.0
3559216000-3559218000 r--p 00016000 08:08 2639881                        /usr/lib64/libxcb-glx.so.0.0.0
3559218000-3559219000 rw-p 00018000 08:08 2639881                        /usr/lib64/libxcb-glx.so.0.0.0
3559400000-3559406000 r-xp 00000000 08:08 2639886                        /usr/lib64/libxcb-xfixes.so.0.0.0
3559406000-3559606000 ---p 00006000 08:08 2639886                        /usr/lib64/libxcb-xfixes.so.0.0.0
3559606000-3559607000 r--p 00006000 08:08 2639886                        /usr/lib64/libxcb-xfixes.so.0.0.0
3559607000-3559608000 rw-p 00007000 08:08 2639886                        /usr/lib64/libxcb-xfixes.so.0.0.0
3559c00000-3559c02000 r-xp 00000000 08:08 2639880                        /usr/lib64/libXdamage.so.1.1.0
3559c02000-3559e01000 ---p 00002000 08:08 2639880                        /usr/lib64/libXdamage.so.1.1.0
3559e01000-3559e02000 r--p 00001000 08:08 2639880                        /usr/lib64/libXdamage.so.1.1.0
3559e02000-3559e03000 rw-p 00002000 08:08 2639880                        /usr/lib64/libXdamage.so.1.1.0
355a000000-355a002000 r-xp 00000000 08:08 2639883                        /usr/lib64/libxcb-dri3.so.0.0.0
355a002000-355a201000 ---p 00002000 08:08 2639883                        /usr/lib64/libxcb-dri3.so.0.0.0
355a201000-355a202000 r--p 00001000 08:08 2639883                        /usr/lib64/libxcb-dri3.so.0.0.0
355a202000-355a203000 rw-p 00002000 08:08 2639883                        /usr/lib64/libxcb-dri3.so.0.0.0
355a400000-355a405000 r-xp 00000000 08:08 2639891                        /usr/lib64/libXxf86vm.so.1.0.0
355a405000-355a604000 ---p 00005000 08:08 2639891                        /usr/lib64/libXxf86vm.so.1.0.0
355a604000-355a605000 r--p 00004000 08:08 2639891                        /usr/lib64/libXxf86vm.so.1.0.0
355a605000-355a606000 rw-p 00005000 08:08 2639891                        /usr/lib64/libXxf86vm.so.1.0.0
355a800000-355a803000 r-xp 00000000 08:08 2639888                        /usr/lib64/libxcb-shape.so.0.0.0
355a803000-355aa02000 ---p 00003000 08:08 2639888                        /usr/lib64/libxcb-shape.so.0.0.0
355aa02000-355aa03000 r--p 00002000 08:08 2639888                        /usr/lib64/libxcb-shape.so.0.0.0
355aa03000-355aa04000 rw-p 00003000 08:08 2639888                        /usr/lib64/libxcb-shape.so.0.0.0
355ac00000-355ac02000 r-xp 00000000 08:08 2639884                        /usr/lib64/libxcb-present.so.0.0.0
355ac02000-355ae01000 ---p 00002000 08:08 2639884                        /usr/lib64/libxcb-present.so.0.0.0
355ae01000-355ae02000 r--p 00001000 08:08 2639884                        /usr/lib64/libxcb-present.so.0.0.0
355ae02000-355ae03000 rw-p 00002000 08:08 2639884                        /usr/lib64/libxcb-present.so.0.0.0
355b000000-355b00c000 r-xp 00000000 08:08 2639885                        /usr/lib64/libxcb-randr.so.0.1.0
355b00c000-355b20c000 ---p 0000c000 08:08 2639885                        /usr/lib64/libxcb-randr.so.0.1.0
355b20c000-355b20d000 r--p 0000c000 08:08 2639885                        /usr/lib64/libxcb-randr.so.0.1.0
355b20d000-355b20e000 rw-p 0000d000 08:08 2639885                        /usr/lib64/libxcb-randr.so.0.1.0
355b400000-355b409000 r-xp 00000000 08:08 2639887                        /usr/lib64/libxcb-render.so.0.0.0
355b409000-355b608000 ---p 00009000 08:08 2639887                        /usr/lib64/libxcb-render.so.0.0.0
355b608000-355b609000 r--p 00008000 08:08 2639887                        /usr/lib64/libxcb-render.so.0.0.0
355b609000-355b60a000 rw-p 00009000 08:08 2639887                        /usr/lib64/libxcb-render.so.0.0.0
355b800000-355b805000 r-xp 00000000 08:08 2639889                        /usr/lib64/libxcb-sync.so.1.0.0
355b805000-355ba05000 ---p 00005000 08:08 2639889                        /usr/lib64/libxcb-sync.so.1.0.0
355ba05000-355ba06000 r--p 00005000 08:08 2639889                        /usr/lib64/libxcb-sync.so.1.0.0
355ba06000-355ba07000 rw-p 00006000 08:08 2639889                        /usr/lib64/libxcb-sync.so.1.0.0
355c800000-355c804000 r-xp 00000000 08:08 2639882                        /usr/lib64/libxcb-dri2.so.0.0.0
355c804000-355ca03000 ---p 00004000 08:08 2639882                        /usr/lib64/libxcb-dri2.so.0.0.0
355ca03000-355ca04000 r--p 00003000 08:08 2639882                        /usr/lib64/libxcb-dri2.so.0.0.0
355ca04000-355ca05000 rw-p 00004000 08:08 2639882                        /usr/lib64/libxcb-dri2.so.0.0.0
3560000000-3560004000 r-xp 00000000 08:08 2639838                        /usr/lib64/libcap.so.2.24
3560004000-3560203000 ---p 00004000 08:08 2639838                        /usr/lib64/libcap.so.2.24
3560203000-3560204000 r--p 00003000 08:08 2639838                        /usr/lib64/libcap.so.2.24
3560204000-3560205000 rw-p 00004000 08:08 2639838                        /usr/lib64/libcap.so.2.24
3561a00000-3561a16000 r-xp 00000000 08:08 2627675                        /usr/lib64/libnsl-2.20.so
3561a16000-3561c15000 ---p 00016000 08:08 2627675                        /usr/lib64/libnsl-2.20.so
3561c15000-3561c16000 r--p 00015000 08:08 2627675                        /usr/lib64/libnsl-2.20.so
3561c16000-3561c17000 rw-p 00016000 08:08 2627675                        /usr/lib64/libnsl-2.20.so
3561c17000-3561c19000 rw-p 00000000 00:00 0 
3561e00000-3561e2b000 r-xp 00000000 08:08 2639834                        /usr/lib64/libvorbis.so.0.4.7
3561e2b000-356202b000 ---p 0002b000 08:08 2639834                        /usr/lib64/libvorbis.so.0.4.7
356202b000-356202c000 r--p 0002b000 08:08 2639834                        /usr/lib64/libvorbis.so.0.4.7
356202c000-356202d000 rw-p 0002c000 08:08 2639834                        /usr/lib64/libvorbis.so.0.4.7
3562200000-3562206000 r-xp 00000000 08:08 2639832                        /usr/lib64/libogg.so.0.8.0
3562206000-3562405000 ---p 00006000 08:08 2639832                        /usr/lib64/libogg.so.0.8.0
3562405000-3562406000 r--p 00005000 08:08 2639832                        /usr/lib64/libogg.so.0.8.0
3562406000-3562407000 rw-p 00006000 08:08 2639832                        /usr/lib64/libogg.so.0.8.0
3562600000-3562691000 r-xp 00000000 08:08 2639835                        /usr/lib64/libvorbisenc.so.2.0.10
3562691000-3562890000 ---p 00091000 08:08 2639835                        /usr/lib64/libvorbisenc.so.2.0.10
3562890000-35628b2000 r--p 00090000 08:08 2639835                        /usr/lib64/libvorbisenc.so.2.0.10
35628b2000-35628b3000 rw-p 000b2000 08:08 2639835                        /usr/lib64/libvorbisenc.so.2.0.10
3563200000-3563258000 r-xp 00000000 08:08 2639836                        /usr/lib64/libsndfile.so.1.0.25
3563258000-3563458000 ---p 00058000 08:08 2639836                        /usr/lib64/libsndfile.so.1.0.25
3563458000-356345a000 r--p 00058000 08:08 2639836                        /usr/lib64/libsndfile.so.1.0.25
356345a000-356345b000 rw-p 0005a000 08:08 2639836                        /usr/lib64/libsndfile.so.1.0.25
356345b000-356345f000 rw-p 00000000 00:00 0 
3563600000-3563657000 r-xp 00000000 08:08 2639833                        /usr/lib64/libFLAC.so.8.3.0
3563657000-3563857000 ---p 00057000 08:08 2639833                        /usr/lib64/libFLAC.so.8.3.0
3563857000-3563858000 r--p 00057000 08:08 2639833                        /usr/lib64/libFLAC.so.8.3.0
3563858000-3563859000 rw-p 00058000 08:08 2639833                        /usr/lib64/libFLAC.so.8.3.0
3563e00000-3563e0a000 r-xp 00000000 08:08 2639829                        /usr/lib64/libjson-c.so.2.0.1
3563e0a000-3564009000 ---p 0000a000 08:08 2639829                        /usr/lib64/libjson-c.so.2.0.1
3564009000-356400a000 r--p 00009000 08:08 2639829                        /usr/lib64/libjson-c.so.2.0.1
356400a000-356400b000 rw-p 0000a000 08:08 2639829                        /usr/lib64/libjson-c.so.2.0.1
3564600000-3564605000 r-xp 00000000 08:08 2639837                        /usr/lib64/libasyncns.so.0.3.1
3564605000-3564804000 ---p 00005000 08:08 2639837                        /usr/lib64/libasyncns.so.0.3.1
3564804000-3564805000 r--p 00004000 08:08 2639837                        /usr/lib64/libasyncns.so.0.3.1
3564805000-3564806000 rw-p 00005000 08:08 2639837                        /usr/lib64/libasyncns.so.0.3.1
3564e00000-3564e09000 r-xp 00000000 08:08 2639830                        /usr/lib64/libwrap.so.0.7.6
3564e09000-3565008000 ---p 00009000 08:08 2639830                        /usr/lib64/libwrap.so.0.7.6
3565008000-3565009000 r--p 00008000 08:08 2639830                        /usr/lib64/libwrap.so.0.7.6
3565009000-356500a000 rw-p 00009000 08:08 2639830                        /usr/lib64/libwrap.so.0.7.6
356500a000-356500b000 rw-p 00000000 00:00 0 
3565800000-356580b000 r-xp 00000000 08:08 2639831                        /usr/lib64/libgsm.so.1.0.12
356580b000-3565a0a000 ---p 0000b000 08:08 2639831                        /usr/lib64/libgsm.so.1.0.12
3565a0a000-3565a0b000 r--p 0000a000 08:08 2639831                        /usr/lib64/libgsm.so.1.0.12
3565a0b000-3565a0c000 rw-p 0000b000 08:08 2639831                        /usr/lib64/libgsm.so.1.0.12
357fa00000-357fa11000 r-xp 00000000 08:08 2639927                        /usr/lib64/libgpg-error.so.0.13.0
357fa11000-357fc10000 ---p 00011000 08:08 2639927                        /usr/lib64/libgpg-error.so.0.13.0
357fc10000-357fc11000 r--p 00010000 08:08 2639927                        /usr/lib64/libgpg-error.so.0.13.0
357fc11000-357fc12000 rw-p 00011000 08:08 2639927                        /usr/lib64/libgpg-error.so.0.13.0
3706600000-3706615000 r-xp 00000000 08:08 2625421                        /usr/lib64/libelf-0.161.so
3706615000-3706815000 ---p 00015000 08:08 2625421                        /usr/lib64/libelf-0.161.so
3706815000-3706816000 r--p 00015000 08:08 2625421                        /usr/lib64/libelf-0.161.so
3706816000-3706817000 rw-p 00016000 08:08 2625421                        /usr/lib64/libelf-0.161.so
3706a00000-3706a45000 r-xp 00000000 08:08 2625426                        /usr/lib64/libdw-0.161.so
3706a45000-3706c45000 ---p 00045000 08:08 2625426                        /usr/lib64/libdw-0.161.so
3706c45000-3706c47000 r--p 00045000 08:08 2625426                        /usr/lib64/libdw-0.161.so
3706c47000-3706c48000 rw-p 00047000 08:08 2625426                        /usr/lib64/libdw-0.161.so
3738400000-3738445000 r-xp 00000000 08:08 2641510                        /usr/lib64/libjpeg.so.62.1.0
3738445000-3738644000 ---p 00045000 08:08 2641510                        /usr/lib64/libjpeg.so.62.1.0
3738644000-3738645000 r--p 00044000 08:08 2641510                        /usr/lib64/libjpeg.so.62.1.0
3738645000-3738646000 rw-p 00045000 08:08 2641510                        /usr/lib64/libjpeg.so.62.1.0
3738646000-3738656000 rw-p 00000000 00:00 0 
37a1200000-37a1221000 r-xp 00000000 08:08 2621879                        /usr/lib64/libselinux.so.1
37a1221000-37a1421000 ---p 00021000 08:08 2621879                        /usr/lib64/libselinux.so.1
37a1421000-37a1422000 r--p 00021000 08:08 2621879                        /usr/lib64/libselinux.so.1
37a1422000-37a1423000 rw-p 00022000 08:08 2621879                        /usr/lib64/libselinux.so.1
37a1423000-37a1425000 rw-p 00000000 00:00 0 
37a6600000-37a6625000 r-xp 00000000 08:08 2625220                        /usr/lib64/libglapi.so.0.0.0
37a6625000-37a6825000 ---p 00025000 08:08 2625220                        /usr/lib64/libglapi.so.0.0.0
37a6825000-37a6828000 r--p 00025000 08:08 2625220                        /usr/lib64/libglapi.so.0.0.0
37a6828000-37a6829000 rw-p 00028000 08:08 2625220                        /usr/lib64/libglapi.so.0.0.0
37a6829000-37a682a000 rw-p 00000000 00:00 0 
37a6a00000-37a6a96000 r-xp 00000000 08:08 2630353                        /usr/lib64/libGL.so.1.2.0
37a6a96000-37a6c95000 ---p 00096000 08:08 2630353                        /usr/lib64/libGL.so.1.2.0
37a6c95000-37a6c98000 r--p 00095000 08:08 2630353                        /usr/lib64/libGL.so.1.2.0
37a6c98000-37a6c99000 rw-p 00098000 08:08 2630353                        /usr/lib64/libGL.so.1.2.0
37a6c99000-37a6c9a000 rw-p 00000000 00:00 0 
38e6a00000-38e6a0e000 r-xp 00000000 08:08 1441879                        /usr/lib/jvm/java-1.8.0-openjdk-1.8.0.45-31.b13.fc21.x86_64/lib/amd64/jli/libjli.so
38e6a0e000-38e6c0d000 ---p 0000e000 08:08 1441879                        /usr/lib/jvm/java-1.8.0-openjdk-1.8.0.45-31.b13.fc21.x86_64/lib/amd64/jli/libjli.so
38e6c0d000-38e6c0e000 r--p 0000d000 08:08 1441879                        /usr/lib/jvm/java-1.8.0-openjdk-1.8.0.45-31.b13.fc21.x86_64/lib/amd64/jli/libjli.so
38e6c0e000-38e6c0f000 rw-p 0000e000 08:08 1441879                        /usr/lib/jvm/java-1.8.0-openjdk-1.8.0.45-31.b13.fc21.x86_64/lib/amd64/jli/libjli.so
39e1000000-39e10db000 r-xp 00000000 08:08 2621959                        /usr/lib64/libgcrypt.so.20.0.3
39e10db000-39e12db000 ---p 000db000 08:08 2621959                        /usr/lib64/libgcrypt.so.20.0.3
39e12db000-39e12dc000 r--p 000db000 08:08 2621959                        /usr/lib64/libgcrypt.so.20.0.3
39e12dc000-39e12e5000 rw-p 000dc000 08:08 2621959                        /usr/lib64/libgcrypt.so.20.0.3
39e1400000-39e1424000 r-xp 00000000 08:08 2622008                        /usr/lib64/libsystemd.so.0.5.0
39e1424000-39e1425000 r--p 00023000 08:08 2622008                        /usr/lib64/libsystemd.so.0.5.0
39e1425000-39e1426000 rw-p 00024000 08:08 2622008                        /usr/lib64/libsystemd.so.0.5.0
39e1600000-39e164f000 r-xp 00000000 08:08 2622013                        /usr/lib64/libpulse.so.0.18.0
39e164f000-39e184e000 ---p 0004f000 08:08 2622013                        /usr/lib64/libpulse.so.0.18.0
39e184e000-39e1850000 r--p 0004e000 08:08 2622013                        /usr/lib64/libpulse.so.0.18.0
39e1850000-39e1851000 rw-p 00050000 08:08 2622013                        /usr/lib64/libpulse.so.0.18.0
39e1a00000-39e1a7b000 r-xp 00000000 08:08 2888189                        /usr/lib64/pulseaudio/libpulsecommon-6.0.so
39e1a7b000-39e1c7a000 ---p 0007b000 08:08 2888189                        /usr/lib64/pulseaudio/libpulsecommon-6.0.so
39e1c7a000-39e1c7d000 r--p 0007a000 08:08 2888189                        /usr/lib64/pulseaudio/libpulsecommon-6.0.so
39e1c7d000-39e1c7e000 rw-p 0007d000 08:08 2888189                        /usr/lib64/pulseaudio/libpulsecommon-6.0.so
3f4f000000-3f4f00c000 r-xp 00000000 08:08 2622350                        /usr/lib64/libdrm.so.2.4.0
3f4f00c000-3f4f20b000 ---p 0000c000 08:08 2622350                        /usr/lib64/libdrm.so.2.4.0
3f4f20b000-3f4f20c000 r--p 0000b000 08:08 2622350                        /usr/lib64/libdrm.so.2.4.0
3f4f20c000-3f4f20d000 rw-p 0000c000 08:08 2622350                        /usr/lib64/libdrm.so.2.4.0
7ff484000000-7ff484021000 rw-p 00000000 00:00 0 
7ff484021000-7ff488000000 ---p 00000000 00:00 0 
7ff488000000-7ff488021000 rw-p 00000000 00:00 0 
7ff488021000-7ff48c000000 ---p 00000000 00:00 0 
7ff48c000000-7ff48c021000 rw-p 00000000 00:00 0 
7ff48c021000-7ff490000000 ---p 00000000 00:00 0 
7ff491361000-7ff4913e1000 rw-s 1258a6000 00:06 1421                      /dev/dri/card0
7ff4913e1000-7ff491401000 rw-s 125886000 00:06 1421                      /dev/dri/card0
7ff491401000-7ff491421000 rw-s 125846000 00:06 1421                      /dev/dri/card0
7ff491621000-7ff491a21000 rw-s 124f66000 00:06 1421                      /dev/dri/card0
7ff491a21000-7ff491e21000 rw-s 124766000 00:06 1421                      /dev/dri/card0
7ff4924b5000-7ff4924b8000 ---p 00000000 00:00 0 
7ff4924b8000-7ff4925b6000 rw-p 00000000 00:00 0 
7ff4925b6000-7ff4925b9000 ---p 00000000 00:00 0 
7ff4925b9000-7ff4926b7000 rw-p 00000000 00:00 0 
7ff4926b7000-7ff4926d7000 rw-s 123090000 00:06 1421                      /dev/dri/card0
7ff4926d7000-7ff492757000 rw-s 122ff0000 00:06 1421                      /dev/dri/card0
7ff492757000-7ff492857000 rw-s 122e70000 00:06 1421                      /dev/dri/card0
7ff492957000-7ff492b57000 rw-s 127706000 00:06 1421                      /dev/dri/card0
7ff492b57000-7ff492c57000 rw-s 1271a6000 00:06 1421                      /dev/dri/card0
7ff492c57000-7ff492c77000 rw-s 1223f0000 00:06 1421                      /dev/dri/card0
7ff492cbd000-7ff492cc0000 ---p 00000000 00:00 0 
7ff492cc0000-7ff492dbe000 rw-p 00000000 00:00 0 
7ff492dbe000-7ff492dc1000 ---p 00000000 00:00 0 
7ff492dc1000-7ff492ebf000 rw-p 00000000 00:00 0                          [stack:10305]
7ff492ebf000-7ff492f3f000 rw-s 11f302000 00:06 1421                      /dev/dri/card0
7ff492f3f000-7ff492f42000 ---p 00000000 00:00 0 
7ff492f42000-7ff493040000 rw-p 00000000 00:00 0                          [stack:10295]
7ff493040000-7ff4930c0000 rw-s 11f202000 00:06 1421                      /dev/dri/card0
7ff4930c0000-7ff493140000 rw-s 11f282000 00:06 1421                      /dev/dri/card0
7ff493140000-7ff493b40000 rwxp 00000000 00:00 0 
7ff493b40000-7ff493d40000 rw-s 1214d1000 00:06 1421                      /dev/dri/card0
7ff493d40000-7ff493e80000 rw-p 00000000 00:00 0 
7ff493e80000-7ff493f40000 ---p 00000000 00:00 0 
7ff493f40000-7ff495c2e000 rw-p 00000000 00:00 0 
7ff495c40000-7ff495c60000 rw-s 121f06000 00:06 1421                      /dev/dri/card0
7ff495c60000-7ff495ce0000 rw-s 1207e8000 00:06 1421                      /dev/dri/card0
7ff495ce0000-7ff498000000 rw-p 00000000 00:00 0 
7ff498000000-7ff498021000 rw-p 00000000 00:00 0 
7ff498021000-7ff49c000000 ---p 00000000 00:00 0 
7ff49c000000-7ff49c021000 rw-p 00000000 00:00 0 
7ff49c021000-7ff4a0000000 ---p 00000000 00:00 0 
7ff4a0000000-7ff4a0021000 rw-p 00000000 00:00 0 
7ff4a0021000-7ff4a4000000 ---p 00000000 00:00 0 
7ff4a4000000-7ff4a4002000 rw-s 12821a000 00:06 1421                      /dev/dri/card0
7ff4a4002000-7ff4a4006000 rw-s 128216000 00:06 1421                      /dev/dri/card0
7ff4a401d000-7ff4a403d000 rw-s 121be9000 00:06 1421                      /dev/dri/card0
7ff4a4079000-7ff4a407d000 rw-s 1281d6000 00:06 1421                      /dev/dri/card0
7ff4a407d000-7ff4a427d000 rw-p 00000000 00:00 0 
7ff4a427d000-7ff4a4280000 ---p 00000000 00:00 0 
7ff4a4280000-7ff4a437e000 rw-p 00000000 00:00 0                          [stack:10280]
7ff4a437e000-7ff4a437f000 ---p 00000000 00:00 0 
7ff4a437f000-7ff4a447f000 rw-p 00000000 00:00 0                          [stack:10275]
7ff4a447f000-7ff4a8480000 rw-s 00000000 00:12 1202446                    /dev/shm/pulse-shm-2347173411
7ff4a8480000-7ff4a8481000 ---p 00000000 00:00 0 
7ff4a8481000-7ff4a8c81000 rw-p 00000000 00:00 0                          [stack:10274]
7ff4a8c81000-7ff4a8cd6000 r-xp 00000000 08:06 20973011                   /home/Suinos/git/mpa/Medieval_POST-APOCALYPSE_logica/libopenal64.so
7ff4a8cd6000-7ff4a8ed5000 ---p 00055000 08:06 20973011                   /home/Suinos/git/mpa/Medieval_POST-APOCALYPSE_logica/libopenal64.so
7ff4a8ed5000-7ff4a8ed8000 r--p 00054000 08:06 20973011                   /home/Suinos/git/mpa/Medieval_POST-APOCALYPSE_logica/libopenal64.so
7ff4a8ed8000-7ff4a8ed9000 rw-p 00057000 08:06 20973011                   /home/Suinos/git/mpa/Medieval_POST-APOCALYPSE_logica/libopenal64.so
7ff4a8ed9000-7ff4a90da000 rw-p 00000000 00:00 0 
7ff4a90da000-7ff4aaa9a000 r-xp 00000000 08:08 2889190                    /usr/lib64/llvm/libLLVM-3.5.so
7ff4aaa9a000-7ff4aac9a000 ---p 019c0000 08:08 2889190                    /usr/lib64/llvm/libLLVM-3.5.so
7ff4aac9a000-7ff4aae0f000 r--p 019c0000 08:08 2889190                    /usr/lib64/llvm/libLLVM-3.5.so
7ff4aae0f000-7ff4aae15000 rw-p 01b35000 08:08 2889190                    /usr/lib64/llvm/libLLVM-3.5.so
7ff4aae15000-7ff4aae29000 rw-p 00000000 00:00 0 
7ff4aae29000-7ff4aae35000 r-xp 00000000 08:08 2627691                    /usr/lib64/libdrm_radeon.so.1.0.1
7ff4aae35000-7ff4ab034000 ---p 0000c000 08:08 2627691                    /usr/lib64/libdrm_radeon.so.1.0.1
7ff4ab034000-7ff4ab035000 r--p 0000b000 08:08 2627691                    /usr/lib64/libdrm_radeon.so.1.0.1
7ff4ab035000-7ff4ab036000 rw-p 0000c000 08:08 2627691                    /usr/lib64/libdrm_radeon.so.1.0.1
7ff4ab036000-7ff4ab057000 r-xp 00000000 08:08 2627670                    /usr/lib64/libdrm_intel.so.1.0.0
7ff4ab057000-7ff4ab256000 ---p 00021000 08:08 2627670                    /usr/lib64/libdrm_intel.so.1.0.0
7ff4ab256000-7ff4ab257000 r--p 00020000 08:08 2627670                    /usr/lib64/libdrm_intel.so.1.0.0
7ff4ab257000-7ff4ab258000 rw-p 00021000 08:08 2627670                    /usr/lib64/libdrm_intel.so.1.0.0
7ff4ab258000-7ff4ab25e000 r-xp 00000000 08:08 2627685                    /usr/lib64/libdrm_nouveau.so.2.0.0
7ff4ab25e000-7ff4ab45d000 ---p 00006000 08:08 2627685                    /usr/lib64/libdrm_nouveau.so.2.0.0
7ff4ab45d000-7ff4ab45e000 r--p 00005000 08:08 2627685                    /usr/lib64/libdrm_nouveau.so.2.0.0
7ff4ab45e000-7ff4ab45f000 rw-p 00006000 08:08 2627685                    /usr/lib64/libdrm_nouveau.so.2.0.0
7ff4ab45f000-7ff4abbb6000 r-xp 00000000 08:08 2758953                    /usr/lib64/dri/nouveau_dri.so
7ff4abbb6000-7ff4abdb6000 ---p 00757000 08:08 2758953                    /usr/lib64/dri/nouveau_dri.so
7ff4abdb6000-7ff4abe0d000 r--p 00757000 08:08 2758953                    /usr/lib64/dri/nouveau_dri.so
7ff4abe0d000-7ff4abe19000 rw-p 007ae000 08:08 2758953                    /usr/lib64/dri/nouveau_dri.so
7ff4abe19000-7ff4ac000000 rw-p 00000000 00:00 0 
7ff4ac000000-7ff4adb0c000 rw-p 00000000 00:00 0 
7ff4adb0c000-7ff4b0000000 ---p 00000000 00:00 0 
7ff4b0000000-7ff4b023c000 rw-p 00000000 00:00 0 
7ff4b023c000-7ff4b4000000 ---p 00000000 00:00 0 
7ff4b4000000-7ff4b4021000 rw-p 00000000 00:00 0 
7ff4b4021000-7ff4b8000000 ---p 00000000 00:00 0 
7ff4b8000000-7ff4b806b000 rw-p 00000000 00:00 0 
7ff4b806b000-7ff4bc000000 ---p 00000000 00:00 0 
7ff4bc000000-7ff4bc021000 rw-p 00000000 00:00 0 
7ff4bc021000-7ff4c0000000 ---p 00000000 00:00 0 
7ff4c0000000-7ff4c0021000 rw-p 00000000 00:00 0 
7ff4c0021000-7ff4c4000000 ---p 00000000 00:00 0 
7ff4c4000000-7ff4c41d0000 rw-p 00000000 00:00 0 
7ff4c41d0000-7ff4c8000000 ---p 00000000 00:00 0 
7ff4c8000000-7ff4c8021000 rw-p 00000000 00:00 0 
7ff4c8021000-7ff4cc000000 ---p 00000000 00:00 0 
7ff4cc000000-7ff4cc021000 rw-p 00000000 00:00 0 
7ff4cc021000-7ff4d0000000 ---p 00000000 00:00 0 
7ff4d0000000-7ff4d0021000 rw-p 00000000 00:00 0 
7ff4d0021000-7ff4d4000000 ---p 00000000 00:00 0 
7ff4d4000000-7ff4d4021000 rw-p 00000000 00:00 0 
7ff4d4021000-7ff4d8000000 ---p 00000000 00:00 0 
7ff4d8000000-7ff4d8021000 rw-p 00000000 00:00 0 
7ff4d8021000-7ff4dc000000 ---p 00000000 00:00 0 
7ff4dc000000-7ff4dc893000 rw-p 00000000 00:00 0 
7ff4dc893000-7ff4e0000000 ---p 00000000 00:00 0 
7ff4e0000000-7ff4e0021000 rw-p 00000000 00:00 0 
7ff4e0021000-7ff4e4000000 ---p 00000000 00:00 0 
7ff4e4000000-7ff4e4f52000 rw-p 00000000 00:00 0 
7ff4e4f52000-7ff4e8000000 ---p 00000000 00:00 0 
7ff4e8000000-7ff4e9291000 rw-p 00000000 00:00 0 
7ff4e9291000-7ff4ec000000 ---p 00000000 00:00 0 
7ff4ec000000-7ff4ec021000 rw-p 00000000 00:00 0 
7ff4ec021000-7ff4f0000000 ---p 00000000 00:00 0 
7ff4f0001000-7ff4f0002000 rw-s 128170000 00:06 1421                      /dev/dri/card0
7ff4f0004000-7ff4f0005000 rw-s 1281d5000 00:06 1421                      /dev/dri/card0
7ff4f0005000-7ff4f0009000 rw-s 1281d1000 00:06 1421                      /dev/dri/card0
7ff4f0009000-7ff4f000d000 rw-s 121c0d000 00:06 1421                      /dev/dri/card0
7ff4f000d000-7ff4f0011000 rw-s 121970000 00:06 1421                      /dev/dri/card0
7ff4f0011000-7ff4f0031000 rw-s 12194c000 00:06 1421                      /dev/dri/card0
7ff4f0031000-7ff4f0033000 rw-s 1216d3000 00:06 1421                      /dev/dri/card0
7ff4f0033000-7ff4f0034000 r--s 0029f000 08:06 20973355                   /home/Suinos/git/mpa/Medieval_POST-APOCALYPSE_logica/Assets/Models/house.zip
7ff4f0034000-7ff4f0035000 r--s 00070000 08:06 20973054                   /home/Suinos/git/mpa/Medieval_POST-APOCALYPSE_logica/Assets/Models/wagen.zip
7ff4f0035000-7ff4f0036000 r--s 00027000 08:06 20973059                   /home/Suinos/git/mpa/Medieval_POST-APOCALYPSE_logica/Assets/Models/CornField.zip
7ff4f0036000-7ff4f0040000 r--p 00000000 08:08 528253                     /usr/share/locale/it/LC_MESSAGES/pulseaudio.mo
7ff4f0040000-7ff4f00c0000 rw-s 11f182000 00:06 1421                      /dev/dri/card0
7ff4f00c0000-7ff4f012a000 r-xp 00000000 08:06 20973017                   /home/Suinos/git/mpa/Medieval_POST-APOCALYPSE_logica/liblwjgl64.so
7ff4f012a000-7ff4f032a000 ---p 0006a000 08:06 20973017                   /home/Suinos/git/mpa/Medieval_POST-APOCALYPSE_logica/liblwjgl64.so
7ff4f032a000-7ff4f032c000 r--p 0006a000 08:06 20973017                   /home/Suinos/git/mpa/Medieval_POST-APOCALYPSE_logica/liblwjgl64.so
7ff4f032c000-7ff4f032d000 rw-p 0006c000 08:06 20973017                   /home/Suinos/git/mpa/Medieval_POST-APOCALYPSE_logica/liblwjgl64.so
7ff4f032d000-7ff4f032e000 r-xp 00000000 08:08 1053747                    /usr/lib/jvm/java-1.8.0-openjdk-1.8.0.45-31.b13.fc21.x86_64/jre/lib/amd64/libjawt.so
7ff4f032e000-7ff4f052d000 ---p 00001000 08:08 1053747                    /usr/lib/jvm/java-1.8.0-openjdk-1.8.0.45-31.b13.fc21.x86_64/jre/lib/amd64/libjawt.so
7ff4f052d000-7ff4f052e000 r--p 00000000 08:08 1053747                    /usr/lib/jvm/java-1.8.0-openjdk-1.8.0.45-31.b13.fc21.x86_64/jre/lib/amd64/libjawt.so
7ff4f052e000-7ff4f052f000 rw-p 00001000 08:08 1053747                    /usr/lib/jvm/java-1.8.0-openjdk-1.8.0.45-31.b13.fc21.x86_64/jre/lib/amd64/libjawt.so
7ff4f052f000-7ff4f0532000 ---p 00000000 00:00 0 
7ff4f0532000-7ff4f0830000 rw-p 00000000 00:00 0                          [stack:10267]
7ff4f0830000-7ff4f0833000 ---p 00000000 00:00 0 
7ff4f0833000-7ff4f0931000 rw-p 00000000 00:00 0                          [stack:10272]
7ff4f0931000-7ff4f0934000 ---p 00000000 00:00 0 
7ff4f0934000-7ff4f0a32000 rw-p 00000000 00:00 0                          [stack:10265]
7ff4f0a32000-7ff4f0a35000 ---p 00000000 00:00 0 
7ff4f0a35000-7ff4f0b33000 rw-p 00000000 00:00 0                          [stack:10264]
7ff4f0b33000-7ff4f0b36000 ---p 00000000 00:00 0 
7ff4f0b36000-7ff4f0e34000 rw-p 00000000 00:00 0                          [stack:10263]
7ff4f0e34000-7ff4f1280000 rw-s 00000000 00:05 11862049                   /SYSV00000000 (deleted)
7ff4f1280000-7ff4f1283000 ---p 00000000 00:00 0 
7ff4f1283000-7ff4f1381000 rw-p 00000000 00:00 0                          [stack:10251]
7ff4f1381000-7ff4f1384000 ---p 00000000 00:00 0 
7ff4f1384000-7ff4f1682000 rw-p 00000000 00:00 0                          [stack:10250]
7ff4f1682000-7ff4f168c000 r-xp 00000000 08:08 1053688                    /usr/lib/jvm/java-1.8.0-openjdk-1.8.0.45-31.b13.fc21.x86_64/jre/lib/amd64/libjavajpeg.so
7ff4f168c000-7ff4f188b000 ---p 0000a000 08:08 1053688                    /usr/lib/jvm/java-1.8.0-openjdk-1.8.0.45-31.b13.fc21.x86_64/jre/lib/amd64/libjavajpeg.so
7ff4f188b000-7ff4f188c000 r--p 00009000 08:08 1053688                    /usr/lib/jvm/java-1.8.0-openjdk-1.8.0.45-31.b13.fc21.x86_64/jre/lib/amd64/libjavajpeg.so
7ff4f188c000-7ff4f188d000 rw-p 0000a000 08:08 1053688                    /usr/lib/jvm/java-1.8.0-openjdk-1.8.0.45-31.b13.fc21.x86_64/jre/lib/amd64/libjavajpeg.so
7ff4f188d000-7ff4f1a8d000 rw-p 00000000 00:00 0 
7ff4f1a8d000-7ff4f8000000 r--p 00000000 08:08 2639618                    /usr/lib/locale/locale-archive
7ff4f8000000-7ff4f8021000 rw-p 00000000 00:00 0 
7ff4f8021000-7ff4fc000000 ---p 00000000 00:00 0 
7ff4fc000000-7ff4fc021000 rw-p 00000000 00:00 0 
7ff4fc021000-7ff500000000 ---p 00000000 00:00 0 
7ff500000000-7ff500022000 rw-p 00000000 00:00 0 
7ff500022000-7ff504000000 ---p 00000000 00:00 0 
7ff504000000-7ff504001000 r--s 00922000 08:06 20973086                   /home/Suinos/git/mpa/Medieval_POST-APOCALYPSE_logica/Assets/Models/stones.zip
7ff504001000-7ff504002000 r--s 002a2000 08:06 20973853                   /home/Suinos/git/mpa/Medieval_POST-APOCALYPSE_logica/Assets/Models/SeanDevlin.zip
7ff504002000-7ff504003000 rwxp 00000000 00:00 0 
7ff504003000-7ff504004000 rw-s 11f382000 00:06 1421                      /dev/dri/card0
7ff504004000-7ff504007000 ---p 00000000 00:00 0 
7ff504007000-7ff50403d000 rw-p 00000000 00:00 0 
7ff50403d000-7ff504040000 ---p 00000000 00:00 0 
7ff504040000-7ff50413e000 rw-p 00000000 00:00 0                          [stack:10249]
7ff50413e000-7ff50415a000 r--s 003b6000 08:08 1053717                    /usr/lib/jvm/java-1.8.0-openjdk-1.8.0.45-31.b13.fc21.x86_64/jre/lib/ext/cldrdata.jar
7ff50415a000-7ff50415e000 r--s 000ad000 08:08 1053721                    /usr/lib/jvm/java-1.8.0-openjdk-1.8.0.45-31.b13.fc21.x86_64/jre/lib/jsse.jar
7ff50415e000-7ff504160000 r--s 00000000 08:08 2101406                    /var/cache/fontconfig/87f5e051180a7a75f16eb6fe7dbd3749-le64.cache-4
7ff504160000-7ff50416b000 r--s 00000000 08:08 2099893                    /var/cache/fontconfig/b79f3aaa7d385a141ab53ec885cc22a8-le64.cache-4
7ff50416b000-7ff50416d000 r--s 00000000 08:08 2101747                    /var/cache/fontconfig/711dae798b6bff4224ea2776edcb5c93-le64.cache-4
7ff50416d000-7ff50416f000 r--s 00000000 08:08 2101744                    /var/cache/fontconfig/3f821257dd33660ba7bbb45c32deb84c-le64.cache-4
7ff50416f000-7ff504170000 r--s 00000000 08:08 2101734                    /var/cache/fontconfig/4e602040080c966cb821813a3e584564-le64.cache-4
7ff504170000-7ff504173000 r--s 00000000 08:08 2101727                    /var/cache/fontconfig/830f035fa84a65ce80e050178dbb630d-le64.cache-4
7ff504173000-7ff504174000 r--s 00000000 08:08 2101724                    /var/cache/fontconfig/81a173283b451552b599cfaafd6236bd-le64.cache-4
7ff504174000-7ff504175000 r--s 00000000 08:08 2101723                    /var/cache/fontconfig/ac68f755438cc3dc5a526084839fc7ca-le64.cache-4
7ff504175000-7ff504176000 r--s 00000000 08:08 2101720                    /var/cache/fontconfig/f951a6bc01c50d58ac4af16a0108457e-le64.cache-4
7ff504176000-7ff504177000 r--s 00000000 08:08 2101718                    /var/cache/fontconfig/8cab66d8f642305e525ba3e322d0979c-le64.cache-4
7ff504177000-7ff504178000 r--s 00000000 08:08 2101715                    /var/cache/fontconfig/12513961c6e7090f8648812f9eaf65d6-le64.cache-4
7ff504178000-7ff504179000 r--s 00000000 08:08 2101714                    /var/cache/fontconfig/17e60ccdf2eb53b214a9a5d6663eb217-le64.cache-4
7ff504179000-7ff50417a000 r--s 00000000 08:08 2103393                    /var/cache/fontconfig/6fcb01a03a016cc71057b587cdea6709-le64.cache-4
7ff50417a000-7ff50417e000 r--s 00000000 08:08 2101699                    /var/cache/fontconfig/8aa05f52519ebacbdf5713e01a6153b0-le64.cache-4
7ff50417e000-7ff504182000 r--s 00000000 08:08 2101535                    /var/cache/fontconfig/cfde08ab28ad1d91784abb10973575e3-le64.cache-4
7ff504182000-7ff504183000 r--s 00000000 08:08 2101696                    /var/cache/fontconfig/b887eea8f1b96e1d899b44ed6681fc27-le64.cache-4
7ff504183000-7ff504184000 r--s 00000000 08:08 2101050                    /var/cache/fontconfig/860639f272b8b4b3094f9e399e41bccd-le64.cache-4
7ff504184000-7ff504185000 r--s 00000000 08:08 2101627                    /var/cache/fontconfig/5d33f04e74a97395cf88bbd83847f1f1-le64.cache-4
7ff504185000-7ff504186000 r--s 00000000 08:08 2101552                    /var/cache/fontconfig/df893b4576ad6107f9397134092c4059-le64.cache-4
7ff504186000-7ff504187000 r--s 00000000 08:08 2101542                    /var/cache/fontconfig/1e1e03b57ed9f0c723c5aeafda46c3fb-le64.cache-4
7ff504187000-7ff504188000 r--s 00000000 08:08 2101540                    /var/cache/fontconfig/900402270e15d763a6e008bb2d4c7686-le64.cache-4
7ff504188000-7ff504189000 r--s 00000000 08:08 2101539                    /var/cache/fontconfig/47f48679023f44a4d1e44699a69464f6-le64.cache-4
7ff504189000-7ff50418a000 r--s 00000000 08:08 2101032                    /var/cache/fontconfig/2881ed3fd21ca306ddad6f9b0dd3189f-le64.cache-4
7ff50418a000-7ff50418b000 r--s 00000000 08:08 2101034                    /var/cache/fontconfig/3c3fb04d32a5211b073874b125d29701-le64.cache-4
7ff50418b000-7ff50418c000 r--s 00000000 08:08 2101532                    /var/cache/fontconfig/e61abf8156cc476151baa07d67337cae-le64.cache-4
7ff50418c000-7ff504193000 r--s 00000000 08:08 2101531                    /var/cache/fontconfig/b67b32625a2bb51b023d3814a918f351-le64.cache-4
7ff504193000-7ff504195000 r--s 00000000 08:08 2101528                    /var/cache/fontconfig/d3379abda271c4acd2ad0c01f565d0b0-le64.cache-4
7ff504195000-7ff504196000 r--s 00000000 08:08 2101517                    /var/cache/fontconfig/b4d0b56f766d89640448751fcd18ec1e-le64.cache-4
7ff504196000-7ff50419b000 r--s 00000000 08:08 2101234                    /var/cache/fontconfig/ceb0c0683e533aa11022c66e5c4d15df-le64.cache-4
7ff50419b000-7ff50419e000 r--s 00000000 08:08 2101243                    /var/cache/fontconfig/7ee6df7a8311986241317a58487e0145-le64.cache-4
7ff50419e000-7ff5041a6000 r--s 00000000 08:08 2101500                    /var/cache/fontconfig/7b312f204090bff0956e0e66992a6837-le64.cache-4
7ff5041a6000-7ff5041a8000 r--s 00000000 08:08 2101493                    /var/cache/fontconfig/99a1ce9f8b6a0434aadb01d3779b0780-le64.cache-4
7ff5041a8000-7ff5041aa000 r--s 00000000 08:08 2101474                    /var/cache/fontconfig/f9d379b867d7c69c85310a4f24e5228f-le64.cache-4
7ff5041aa000-7ff5041bd000 r--s 00000000 08:08 2101473                    /var/cache/fontconfig/614d1caaa4d7914789410f6367de37ca-le64.cache-4
7ff5041bd000-7ff5041c8000 r--s 00000000 08:08 2101447                    /var/cache/fontconfig/12b26b760a24f8b4feb03ad48a333a72-le64.cache-4
7ff5041c8000-7ff5041cf000 r--s 00000000 08:08 2103780                    /var/cache/fontconfig/a4412f743c4d1c8e7d1a441b64ec7319-le64.cache-4
7ff5041cf000-7ff5041d4000 r--s 00000000 08:08 2103779                    /var/cache/fontconfig/a289f7e03715303a9a1b010d74c00c6a-le64.cache-4
7ff5041d4000-7ff5041d5000 r--s 00000000 08:08 2101274                    /var/cache/fontconfig/3640555adad8a8f6978400293cfce7ab-le64.cache-4
7ff5041d5000-7ff5041d9000 r--s 00000000 08:08 2101761                    /var/cache/fontconfig/beeeeb3dfe132a8a0633a017c99ce0c0-le64.cache-4
7ff5041d9000-7ff5041e4000 r--s 0011c000 08:08 1053630                    /usr/lib/jvm/java-1.8.0-openjdk-1.8.0.45-31.b13.fc21.x86_64/jre/lib/ext/localedata.jar
7ff5041e4000-7ff5041f5000 r-xp 00000000 08:08 1053697                    /usr/lib/jvm/java-1.8.0-openjdk-1.8.0.45-31.b13.fc21.x86_64/jre/lib/amd64/libnio.so
7ff5041f5000-7ff5043f4000 ---p 00011000 08:08 1053697                    /usr/lib/jvm/java-1.8.0-openjdk-1.8.0.45-31.b13.fc21.x86_64/jre/lib/amd64/libnio.so
7ff5043f4000-7ff5043f5000 r--p 00010000 08:08 1053697                    /usr/lib/jvm/java-1.8.0-openjdk-1.8.0.45-31.b13.fc21.x86_64/jre/lib/amd64/libnio.so
7ff5043f5000-7ff5043f6000 rw-p 00011000 08:08 1053697                    /usr/lib/jvm/java-1.8.0-openjdk-1.8.0.45-31.b13.fc21.x86_64/jre/lib/amd64/libnio.so
7ff5043f6000-7ff504427000 rw-p 00000000 00:00 0 
7ff504427000-7ff50443e000 r-xp 00000000 08:08 1053696                    /usr/lib/jvm/java-1.8.0-openjdk-1.8.0.45-31.b13.fc21.x86_64/jre/lib/amd64/libnet.so
7ff50443e000-7ff50463d000 ---p 00017000 08:08 1053696                    /usr/lib/jvm/java-1.8.0-openjdk-1.8.0.45-31.b13.fc21.x86_64/jre/lib/amd64/libnet.so
7ff50463d000-7ff50463e000 r--p 00016000 08:08 1053696                    /usr/lib/jvm/java-1.8.0-openjdk-1.8.0.45-31.b13.fc21.x86_64/jre/lib/amd64/libnet.so
7ff50463e000-7ff50463f000 rw-p 00017000 08:08 1053696                    /usr/lib/jvm/java-1.8.0-openjdk-1.8.0.45-31.b13.fc21.x86_64/jre/lib/amd64/libnet.so
7ff50463f000-7ff50483f000 rw-p 00000000 00:00 0 
7ff50483f000-7ff504849000 r--s 000a4000 08:06 13114332                   /home/Suinos/JMonkey/jME3_2014-06-12/jMonkeyEngine3.jar
7ff504849000-7ff50484b000 r--s 00018000 08:06 13114390                   /home/Suinos/JMonkey/jME3_2014-06-12/lib/jME3-lwjgl.jar
7ff50484b000-7ff50484d000 r--s 00008000 08:06 13114397                   /home/Suinos/JMonkey/jME3_2014-06-12/lib/jME3-niftygui.jar
7ff50484d000-7ff504850000 r--s 00026000 08:06 13114361                   /home/Suinos/JMonkey/jME3_2014-06-12/lib/jME3-jbullet.jar
7ff504850000-7ff504853000 r--s 00024000 08:06 13114433                   /home/Suinos/JMonkey/jME3_2014-06-12/lib/jME3-terrain.jar
7ff504853000-7ff50485a000 r--s 00051000 08:06 13114355                   /home/Suinos/JMonkey/jME3_2014-06-12/lib/jME3-blender.jar
7ff50485a000-7ff50485d000 r--s 00036000 08:06 13114358                   /home/Suinos/JMonkey/jME3_2014-06-12/lib/jME3-desktop.jar
7ff50485d000-7ff50485e000 r--s 00002000 08:06 13114369                   /home/Suinos/JMonkey/jME3_2014-06-12/lib/jME3-jogg.jar
7ff50485e000-7ff504860000 r--s 00010000 08:06 13114415                   /home/Suinos/JMonkey/jME3_2014-06-12/lib/jME3-plugins.jar
7ff504860000-7ff504864000 r--s 0001c000 08:06 13114396                   /home/Suinos/JMonkey/jME3_2014-06-12/lib/jME3-networking.jar
7ff504864000-7ff504867000 r--s 0007f000 08:06 13114360                   /home/Suinos/JMonkey/jME3_2014-06-12/lib/jME3-effects.jar
7ff504867000-7ff504878000 r--s 0011f000 08:06 13114356                   /home/Suinos/JMonkey/jME3_2014-06-12/lib/jME3-core.jar
7ff504878000-7ff504897000 r--s 00408000 08:06 13114476                   /home/Suinos/JMonkey/jME3_2014-06-12/lib/jogl-all.jar
7ff504897000-7ff504899000 r--s 0000e000 08:06 13114460                   /home/Suinos/JMonkey/jME3_2014-06-12/lib/joal.jar
7ff504899000-7ff50489e000 r--s 0003a000 08:06 13114341                   /home/Suinos/JMonkey/jME3_2014-06-12/lib/gluegen-rt.jar
7ff50489e000-7ff5048a4000 r--s 028af000 08:06 13114441                   /home/Suinos/JMonkey/jME3_2014-06-12/lib/jME3-testdata.jar
7ff5048a4000-7ff5048b0000 r--s 00078000 08:06 13114496                   /home/Suinos/JMonkey/jME3_2014-06-12/lib/nifty.jar
7ff5048b0000-7ff5048b3000 ---p 00000000 00:00 0 
7ff5048b3000-7ff5049b1000 rw-p 00000000 00:00 0                          [stack:10247]
7ff5049b1000-7ff5049b4000 ---p 00000000 00:00 0 
7ff5049b4000-7ff504ab2000 rw-p 00000000 00:00 0                          [stack:10246]
7ff504ab2000-7ff504b03000 r-xp 00000000 08:08 1053672                    /usr/lib/jvm/java-1.8.0-openjdk-1.8.0.45-31.b13.fc21.x86_64/jre/lib/amd64/libfontmanager.so
7ff504b03000-7ff504d02000 ---p 00051000 08:08 1053672                    /usr/lib/jvm/java-1.8.0-openjdk-1.8.0.45-31.b13.fc21.x86_64/jre/lib/amd64/libfontmanager.so
7ff504d02000-7ff504d05000 r--p 00050000 08:08 1053672                    /usr/lib/jvm/java-1.8.0-openjdk-1.8.0.45-31.b13.fc21.x86_64/jre/lib/amd64/libfontmanager.so
7ff504d05000-7ff504d06000 rw-p 00053000 08:08 1053672                    /usr/lib/jvm/java-1.8.0-openjdk-1.8.0.45-31.b13.fc21.x86_64/jre/lib/amd64/libfontmanager.so
7ff504d06000-7ff504d5b000 r-xp 00000000 08:08 1053745                    /usr/lib/jvm/java-1.8.0-openjdk-1.8.0.45-31.b13.fc21.x86_64/jre/lib/amd64/libawt_xawt.so
7ff504d5b000-7ff504f5a000 ---p 00055000 08:08 1053745                    /usr/lib/jvm/java-1.8.0-openjdk-1.8.0.45-31.b13.fc21.x86_64/jre/lib/amd64/libawt_xawt.so
7ff504f5a000-7ff504f5b000 r--p 00054000 08:08 1053745                    /usr/lib/jvm/java-1.8.0-openjdk-1.8.0.45-31.b13.fc21.x86_64/jre/lib/amd64/libawt_xawt.so
7ff504f5b000-7ff504f5e000 rw-p 00055000 08:08 1053745                    /usr/lib/jvm/java-1.8.0-openjdk-1.8.0.45-31.b13.fc21.x86_64/jre/lib/amd64/libawt_xawt.so
7ff504f5e000-7ff504f5f000 rw-p 00000000 00:00 0 
7ff504f5f000-7ff505000000 r-xp 00000000 08:08 1053668                    /usr/lib/jvm/java-1.8.0-openjdk-1.8.0.45-31.b13.fc21.x86_64/jre/lib/amd64/libawt.so
7ff505000000-7ff505200000 ---p 000a1000 08:08 1053668                    /usr/lib/jvm/java-1.8.0-openjdk-1.8.0.45-31.b13.fc21.x86_64/jre/lib/amd64/libawt.so
7ff505200000-7ff505201000 r--p 000a1000 08:08 1053668                    /usr/lib/jvm/java-1.8.0-openjdk-1.8.0.45-31.b13.fc21.x86_64/jre/lib/amd64/libawt.so
7ff505201000-7ff50520c000 rw-p 000a2000 08:08 1053668                    /usr/lib/jvm/java-1.8.0-openjdk-1.8.0.45-31.b13.fc21.x86_64/jre/lib/amd64/libawt.so
7ff50520c000-7ff505231000 rw-p 00000000 00:00 0 
7ff505231000-7ff505232000 ---p 00000000 00:00 0 
7ff505232000-7ff505332000 rw-p 00000000 00:00 0 
7ff505332000-7ff505335000 ---p 00000000 00:00 0 
7ff505335000-7ff505433000 rw-p 00000000 00:00 0                          [stack:10240]
7ff505433000-7ff505436000 ---p 00000000 00:00 0 
7ff505436000-7ff505534000 rw-p 00000000 00:00 0                          [stack:10239]
7ff505534000-7ff505537000 ---p 00000000 00:00 0 
7ff505537000-7ff505635000 rw-p 00000000 00:00 0                          [stack:10238]
7ff505635000-7ff505638000 ---p 00000000 00:00 0 
7ff505638000-7ff505736000 rw-p 00000000 00:00 0                          [stack:10237]
7ff505736000-7ff505739000 ---p 00000000 00:00 0 
7ff505739000-7ff505837000 rw-p 00000000 00:00 0 
7ff505837000-7ff50583a000 ---p 00000000 00:00 0 
7ff50583a000-7ff505938000 rw-p 00000000 00:00 0                          [stack:10234]
7ff505938000-7ff50593b000 ---p 00000000 00:00 0 
7ff50593b000-7ff505a39000 rw-p 00000000 00:00 0                          [stack:10233]
7ff505a39000-7ff505a3a000 ---p 00000000 00:00 0 
7ff505a3a000-7ff508000000 rw-p 00000000 00:00 0                          [stack:10232]
7ff508000000-7ff508021000 rw-p 00000000 00:00 0 
7ff508021000-7ff50c000000 ---p 00000000 00:00 0 
7ff50c000000-7ff50c021000 rw-p 00000000 00:00 0 
7ff50c021000-7ff510000000 ---p 00000000 00:00 0 
7ff510000000-7ff510021000 rw-p 00000000 00:00 0 
7ff510021000-7ff514000000 ---p 00000000 00:00 0 
7ff514000000-7ff514021000 rw-p 00000000 00:00 0 
7ff514021000-7ff518000000 ---p 00000000 00:00 0 
7ff518000000-7ff518001000 r--s 00077000 08:06 13114399                   /home/Suinos/JMonkey/jME3_2014-06-12/lib/jME3-openal-soft-natives-android.jar
7ff518001000-7ff518004000 r--s 0001a000 08:06 13114506                   /home/Suinos/JMonkey/jME3_2014-06-12/lib/xmlpull-xpp3.jar
7ff518004000-7ff518006000 r--s 00004000 08:06 13114450                   /home/Suinos/JMonkey/jME3_2014-06-12/lib/jglfont-core.jar
7ff518006000-7ff518008000 r--s 00010000 08:06 13114492                   /home/Suinos/JMonkey/jME3_2014-06-12/lib/nifty-style-black.jar
7ff518008000-7ff51801d000 r--s 013eb000 08:06 13114484                   /home/Suinos/JMonkey/jME3_2014-06-12/lib/nifty-examples.jar
7ff51801d000-7ff518025000 r--s 0003a000 08:06 13114482                   /home/Suinos/JMonkey/jME3_2014-06-12/lib/nifty-default-controls.jar
7ff518025000-7ff518027000 r--s 00012000 08:06 13114336                   /home/Suinos/JMonkey/jME3_2014-06-12/lib/eventbus.jar
7ff518027000-7ff51802c000 r--s 00030000 08:06 13114455                   /home/Suinos/JMonkey/jME3_2014-06-12/lib/jinput.jar
7ff51802c000-7ff51802e000 r--s 00247000 08:06 13114373                   /home/Suinos/JMonkey/jME3_2014-06-12/lib/jME3-lwjgl-natives.jar
7ff51802e000-7ff51803b000 r--s 000e6000 08:06 13114479                   /home/Suinos/JMonkey/jME3_2014-06-12/lib/lwjgl.jar
7ff51803b000-7ff51803d000 r--s 0003c000 08:06 13114504                   /home/Suinos/JMonkey/jME3_2014-06-12/lib/vecmath.jar
7ff51803d000-7ff51803e000 r--s 0000b000 08:06 13114499                   /home/Suinos/JMonkey/jME3_2014-06-12/lib/stack-alloc.jar
7ff51803e000-7ff518047000 r--s 0007a000 08:06 13114446                   /home/Suinos/JMonkey/jME3_2014-06-12/lib/jbullet.jar
7ff518047000-7ff518049000 r--s 00009000 08:06 13114352                   /home/Suinos/JMonkey/jME3_2014-06-12/lib/j-ogg-vorbisd.jar
7ff518049000-7ff51804b000 r--s 00005000 08:06 13114348                   /home/Suinos/JMonkey/jME3_2014-06-12/lib/j-ogg-oggd.jar
7ff51804b000-7ff518051000 r--s 00044000 08:06 20973014                   /home/Suinos/git/mpa/Medieval_POST-APOCALYPSE_logica/jdom-2.0.5.jar
7ff518051000-7ff518053000 r--s 00000000 08:08 2101406                    /var/cache/fontconfig/87f5e051180a7a75f16eb6fe7dbd3749-le64.cache-4
7ff518053000-7ff51805e000 r--s 00000000 08:08 2099893                    /var/cache/fontconfig/b79f3aaa7d385a141ab53ec885cc22a8-le64.cache-4
7ff51805e000-7ff518060000 r--s 00000000 08:08 2101747                    /var/cache/fontconfig/711dae798b6bff4224ea2776edcb5c93-le64.cache-4
7ff518060000-7ff518062000 r--s 00000000 08:08 2101744                    /var/cache/fontconfig/3f821257dd33660ba7bbb45c32deb84c-le64.cache-4
7ff518062000-7ff518063000 r--s 00000000 08:08 2101734                    /var/cache/fontconfig/4e602040080c966cb821813a3e584564-le64.cache-4
7ff518063000-7ff518066000 r--s 00000000 08:08 2101727                    /var/cache/fontconfig/830f035fa84a65ce80e050178dbb630d-le64.cache-4
7ff518066000-7ff518067000 r--s 00000000 08:08 2101724                    /var/cache/fontconfig/81a173283b451552b599cfaafd6236bd-le64.cache-4
7ff518067000-7ff518068000 r--s 00000000 08:08 2101723                    /var/cache/fontconfig/ac68f755438cc3dc5a526084839fc7ca-le64.cache-4
7ff518068000-7ff518069000 r--s 00000000 08:08 2101720                    /var/cache/fontconfig/f951a6bc01c50d58ac4af16a0108457e-le64.cache-4
7ff518069000-7ff51806a000 r--s 00000000 08:08 2101718                    /var/cache/fontconfig/8cab66d8f642305e525ba3e322d0979c-le64.cache-4
7ff51806a000-7ff51806b000 r--s 00000000 08:08 2101715                    /var/cache/fontconfig/12513961c6e7090f8648812f9eaf65d6-le64.cache-4
7ff51806b000-7ff51806c000 r--s 00000000 08:08 2101714                    /var/cache/fontconfig/17e60ccdf2eb53b214a9a5d6663eb217-le64.cache-4
7ff51806c000-7ff51806d000 r--s 00000000 08:08 2103393                    /var/cache/fontconfig/6fcb01a03a016cc71057b587cdea6709-le64.cache-4
7ff51806d000-7ff518071000 r--s 00000000 08:08 2101699                    /var/cache/fontconfig/8aa05f52519ebacbdf5713e01a6153b0-le64.cache-4
7ff518071000-7ff518075000 r--s 00000000 08:08 2101535                    /var/cache/fontconfig/cfde08ab28ad1d91784abb10973575e3-le64.cache-4
7ff518075000-7ff518076000 r--s 00000000 08:08 2101696                    /var/cache/fontconfig/b887eea8f1b96e1d899b44ed6681fc27-le64.cache-4
7ff518076000-7ff518077000 r--s 00000000 08:08 2101050                    /var/cache/fontconfig/860639f272b8b4b3094f9e399e41bccd-le64.cache-4
7ff518077000-7ff518078000 r--s 00000000 08:08 2101627                    /var/cache/fontconfig/5d33f04e74a97395cf88bbd83847f1f1-le64.cache-4
7ff518078000-7ff518079000 r--s 00000000 08:08 2101552                    /var/cache/fontconfig/df893b4576ad6107f9397134092c4059-le64.cache-4
7ff518079000-7ff51807a000 r--s 00000000 08:08 2101542                    /var/cache/fontconfig/1e1e03b57ed9f0c723c5aeafda46c3fb-le64.cache-4
7ff51807a000-7ff51807b000 r--s 00000000 08:08 2101540                    /var/cache/fontconfig/900402270e15d763a6e008bb2d4c7686-le64.cache-4
7ff51807b000-7ff51807c000 r--s 00000000 08:08 2101539                    /var/cache/fontconfig/47f48679023f44a4d1e44699a69464f6-le64.cache-4
7ff51807c000-7ff51807d000 r--s 00000000 08:08 2101032                    /var/cache/fontconfig/2881ed3fd21ca306ddad6f9b0dd3189f-le64.cache-4
7ff51807d000-7ff51807e000 r--s 00000000 08:08 2101034                    /var/cache/fontconfig/3c3fb04d32a5211b073874b125d29701-le64.cache-4
7ff51807e000-7ff51807f000 r--s 00000000 08:08 2101532                    /var/cache/fontconfig/e61abf8156cc476151baa07d67337cae-le64.cache-4
7ff51807f000-7ff518086000 r--s 00000000 08:08 2101531                    /var/cache/fontconfig/b67b32625a2bb51b023d3814a918f351-le64.cache-4
7ff518086000-7ff51808b000 r--s 00000000 08:08 2101234                    /var/cache/fontconfig/ceb0c0683e533aa11022c66e5c4d15df-le64.cache-4
7ff51808b000-7ff51808e000 r--s 00000000 08:08 2101243                    /var/cache/fontconfig/7ee6df7a8311986241317a58487e0145-le64.cache-4
7ff51808e000-7ff518096000 r--s 00000000 08:08 2101500                    /var/cache/fontconfig/7b312f204090bff0956e0e66992a6837-le64.cache-4
7ff518096000-7ff5180a9000 r--s 00000000 08:08 2101473                    /var/cache/fontconfig/614d1caaa4d7914789410f6367de37ca-le64.cache-4
7ff5180a9000-7ff5180b4000 r--s 00000000 08:08 2101447                    /var/cache/fontconfig/12b26b760a24f8b4feb03ad48a333a72-le64.cache-4
7ff5180b4000-7ff5180d8000 r--p 00000000 08:08 528481                     /usr/share/locale/it/LC_MESSAGES/libc.mo
7ff5180d8000-7ff519000000 rw-p 00000000 00:00 0 
7ff519000000-7ff519ce0000 rwxp 00000000 00:00 0 
7ff519ce0000-7ff528000000 ---p 00000000 00:00 0 
7ff528000000-7ff5284f5000 rw-p 00000000 00:00 0 
7ff5284f5000-7ff52c000000 ---p 00000000 00:00 0 
7ff52c000000-7ff52c002000 r--s 00000000 08:08 2101528                    /var/cache/fontconfig/d3379abda271c4acd2ad0c01f565d0b0-le64.cache-4
7ff52c002000-7ff52c004000 r--s 00000000 08:08 2101493                    /var/cache/fontconfig/99a1ce9f8b6a0434aadb01d3779b0780-le64.cache-4
7ff52c004000-7ff52c00b000 r--s 00000000 08:08 2103780                    /var/cache/fontconfig/a4412f743c4d1c8e7d1a441b64ec7319-le64.cache-4
7ff52c00b000-7ff52c01e000 r--s 00345000 08:08 1053619                    /usr/lib/jvm/java-1.8.0-openjdk-1.8.0.45-31.b13.fc21.x86_64/jre/lib/resources.jar
7ff52c01e000-7ff52c2f1000 rw-p 00000000 00:00 0 
7ff52c2f1000-7ff52c4be000 r--s 043a7000 08:08 1053732                    /usr/lib/jvm/java-1.8.0-openjdk-1.8.0.45-31.b13.fc21.x86_64/jre/lib/rt.jar
7ff52c4be000-7ff52c77b000 rw-p 00000000 00:00 0 
7ff52c77b000-7ff52c77c000 ---p 00000000 00:00 0 
7ff52c77c000-7ff52c87c000 rw-p 00000000 00:00 0                          [stack:10229]
7ff52c87c000-7ff52c87d000 ---p 00000000 00:00 0 
7ff52c87d000-7ff52c97d000 rw-p 00000000 00:00 0                          [stack:10228]
7ff52c97d000-7ff52c97e000 ---p 00000000 00:00 0 
7ff52c97e000-7ff52ca7e000 rw-p 00000000 00:00 0                          [stack:10227]
7ff52ca7e000-7ff52ca7f000 ---p 00000000 00:00 0 
7ff52ca7f000-7ff52cb97000 rw-p 00000000 00:00 0                          [stack:10226]
7ff52cb97000-7ff52ccc7000 ---p 00000000 00:00 0 
7ff52ccc7000-7ff52ccdf000 rw-p 00000000 00:00 0 
7ff52ccdf000-7ff52ce0f000 ---p 00000000 00:00 0 
7ff52ce0f000-7ff52ce1e000 rw-p 00000000 00:00 0 
7ff52ce1e000-7ff52ceb3000 ---p 00000000 00:00 0 
7ff52ceb3000-7ff52cee8000 rw-p 00000000 00:00 0 
7ff52cee8000-7ff52d274000 ---p 00000000 00:00 0 
7ff52d274000-7ff52d27c000 r-xp 00000000 08:08 1053709                    /usr/lib/jvm/java-1.8.0-openjdk-1.8.0.45-31.b13.fc21.x86_64/jre/lib/amd64/libzip.so
7ff52d27c000-7ff52d47b000 ---p 00008000 08:08 1053709                    /usr/lib/jvm/java-1.8.0-openjdk-1.8.0.45-31.b13.fc21.x86_64/jre/lib/amd64/libzip.so
7ff52d47b000-7ff52d47c000 r--p 00007000 08:08 1053709                    /usr/lib/jvm/java-1.8.0-openjdk-1.8.0.45-31.b13.fc21.x86_64/jre/lib/amd64/libzip.so
7ff52d47c000-7ff52d47d000 rw-p 00008000 08:08 1053709                    /usr/lib/jvm/java-1.8.0-openjdk-1.8.0.45-31.b13.fc21.x86_64/jre/lib/amd64/libzip.so
7ff52d47d000-7ff52d489000 r-xp 00000000 08:08 2629360                    /usr/lib64/libnss_files-2.20.so
7ff52d489000-7ff52d688000 ---p 0000c000 08:08 2629360                    /usr/lib64/libnss_files-2.20.so
7ff52d688000-7ff52d689000 r--p 0000b000 08:08 2629360                    /usr/lib64/libnss_files-2.20.so
7ff52d689000-7ff52d68a000 rw-p 0000c000 08:08 2629360                    /usr/lib64/libnss_files-2.20.so
7ff52d68a000-7ff52d68f000 r--s 00000000 08:08 2103779                    /var/cache/fontconfig/a289f7e03715303a9a1b010d74c00c6a-le64.cache-4
7ff52d68f000-7ff52d6b7000 rw-p 00000000 00:00 0 
7ff52d6b7000-7ff52d6e5000 r-xp 00000000 08:08 1053685                    /usr/lib/jvm/java-1.8.0-openjdk-1.8.0.45-31.b13.fc21.x86_64/jre/lib/amd64/libjava.so
7ff52d6e5000-7ff52d8e4000 ---p 0002e000 08:08 1053685                    /usr/lib/jvm/java-1.8.0-openjdk-1.8.0.45-31.b13.fc21.x86_64/jre/lib/amd64/libjava.so
7ff52d8e4000-7ff52d8e5000 r--p 0002d000 08:08 1053685                    /usr/lib/jvm/java-1.8.0-openjdk-1.8.0.45-31.b13.fc21.x86_64/jre/lib/amd64/libjava.so
7ff52d8e5000-7ff52d8e7000 rw-p 0002e000 08:08 1053685                    /usr/lib/jvm/java-1.8.0-openjdk-1.8.0.45-31.b13.fc21.x86_64/jre/lib/amd64/libjava.so
7ff52d8e7000-7ff52d8f4000 r-xp 00000000 08:08 1053707                    /usr/lib/jvm/java-1.8.0-openjdk-1.8.0.45-31.b13.fc21.x86_64/jre/lib/amd64/libverify.so
7ff52d8f4000-7ff52daf3000 ---p 0000d000 08:08 1053707                    /usr/lib/jvm/java-1.8.0-openjdk-1.8.0.45-31.b13.fc21.x86_64/jre/lib/amd64/libverify.so
7ff52daf3000-7ff52daf5000 r--p 0000c000 08:08 1053707                    /usr/lib/jvm/java-1.8.0-openjdk-1.8.0.45-31.b13.fc21.x86_64/jre/lib/amd64/libverify.so
7ff52daf5000-7ff52daf6000 rw-p 0000e000 08:08 1053707                    /usr/lib/jvm/java-1.8.0-openjdk-1.8.0.45-31.b13.fc21.x86_64/jre/lib/amd64/libverify.so
7ff52daf6000-7ff52daf9000 ---p 00000000 00:00 0 
7ff52daf9000-7ff52dbf7000 rw-p 00000000 00:00 0                          [stack:10225]
7ff52dbf7000-7ff52e855000 r-xp 00000000 08:08 1310761                    /usr/lib/jvm/java-1.8.0-openjdk-1.8.0.45-31.b13.fc21.x86_64/jre/lib/amd64/server/libjvm.so
7ff52e855000-7ff52ea54000 ---p 00c5e000 08:08 1310761                    /usr/lib/jvm/java-1.8.0-openjdk-1.8.0.45-31.b13.fc21.x86_64/jre/lib/amd64/server/libjvm.so
7ff52ea54000-7ff52eaf7000 r--p 00c5d000 08:08 1310761                    /usr/lib/jvm/java-1.8.0-openjdk-1.8.0.45-31.b13.fc21.x86_64/jre/lib/amd64/server/libjvm.so
7ff52eaf7000-7ff52eb20000 rw-p 00d00000 08:08 1310761                    /usr/lib/jvm/java-1.8.0-openjdk-1.8.0.45-31.b13.fc21.x86_64/jre/lib/amd64/server/libjvm.so
7ff52eb20000-7ff52eb54000 rw-p 00000000 00:00 0 
7ff52eb54000-7ff52eb55000 r--s 00000000 08:08 2101517                    /var/cache/fontconfig/b4d0b56f766d89640448751fcd18ec1e-le64.cache-4
7ff52eb55000-7ff52eb57000 r--s 00000000 08:08 2101474                    /var/cache/fontconfig/f9d379b867d7c69c85310a4f24e5228f-le64.cache-4
7ff52eb57000-7ff52eb58000 r--s 00000000 08:08 2101274                    /var/cache/fontconfig/3640555adad8a8f6978400293cfce7ab-le64.cache-4
7ff52eb58000-7ff52eb5c000 r--s 00000000 08:08 2101761                    /var/cache/fontconfig/beeeeb3dfe132a8a0633a017c99ce0c0-le64.cache-4
7ff52eb5c000-7ff52eb63000 r--s 00000000 08:08 2761927                    /usr/lib64/gconv/gconv-modules.cache
7ff52eb63000-7ff52eb77000 rw-p 00000000 00:00 0 
7ff52eb77000-7ff52eb7f000 rw-s 00000000 00:24 1195551                    /tmp/hsperfdata_Suinos/10220 (deleted)
7ff52eb7f000-7ff52eb80000 rw-p 00000000 00:00 0 
7ff52eb80000-7ff52eb81000 ---p 00000000 00:00 0 
7ff52eb81000-7ff52eb82000 rw-p 00000000 00:00 0 
7ffc8c9c4000-7ffc8c9e6000 rw-p 00000000 00:00 0                          [stack]
7ffc8c9eb000-7ffc8c9ed000 r--p 00000000 00:00 0                          [vvar]
7ffc8c9ed000-7ffc8c9ef000 r-xp 00000000 00:00 0                          [vdso]
ffffffffff600000-ffffffffff601000 r-xp 00000000 00:00 0                  [vsyscall]

VM Arguments:
jvm_args: -Dfile.encoding=UTF-8 
java_command: mpa.gui.menuMap.MainMenuGamePanel
java_class_path (initial): /home/Suinos/git/mpa/Medieval_POST-APOCALYPSE_logica/bin:/home/Suinos/git/mpa/Medieval_POST-APOCALYPSE_logica/jdom-2.0.5.jar:/home/Suinos/JMonkey/jME3_2014-06-12/lib/j-ogg-oggd.jar:/home/Suinos/JMonkey/jME3_2014-06-12/lib/j-ogg-vorbisd.jar:/home/Suinos/JMonkey/jME3_2014-06-12/lib/jbullet.jar:/home/Suinos/JMonkey/jME3_2014-06-12/lib/stack-alloc.jar:/home/Suinos/JMonkey/jME3_2014-06-12/lib/vecmath.jar:/home/Suinos/JMonkey/jME3_2014-06-12/lib/lwjgl.jar:/home/Suinos/JMonkey/jME3_2014-06-12/lib/jME3-lwjgl-natives.jar:/home/Suinos/JMonkey/jME3_2014-06-12/lib/jinput.jar:/home/Suinos/JMonkey/jME3_2014-06-12/lib/eventbus.jar:/home/Suinos/JMonkey/jME3_2014-06-12/lib/nifty-default-controls.jar:/home/Suinos/JMonkey/jME3_2014-06-12/lib/nifty-examples.jar:/home/Suinos/JMonkey/jME3_2014-06-12/lib/nifty-style-black.jar:/home/Suinos/JMonkey/jME3_2014-06-12/lib/nifty.jar:/home/Suinos/JMonkey/jME3_2014-06-12/lib/jglfont-core.jar:/home/Suinos/JMonkey/jME3_2014-06-12/lib/xmlpull-xpp3.jar:/home/Suinos/JMonkey/jME3_2014-06-12/lib/jME3-testdata.jar:/home/Suinos/JMonkey/jME3_2014-06-12/lib/gluegen-rt.jar:/home/Suinos/JMonkey/jME3_2014-06-12/lib/joal.jar:/home/Suinos/JMonkey/jME3_2014-06-12/lib/jogl-all.jar:/home/Suinos/JMonkey/jME3_2014-06-12/lib/jME3-openal-soft-natives-android.jar:/home/Suinos/JMonkey/jME3_2014-06-12/lib/jME3-core.jar:/home/Suinos/JMonkey/jME3_2014-06-12/lib/jME3-effects.jar:/home/Suinos/JMonkey/jME3_2014-06-12/lib/jME3-networking.jar:/home/Suinos/JMonkey/jME3_2014-06-12/lib/jME3-plugins.jar:/home/Suinos/JMonkey/jME3_2014-06-12/lib/jME3-jogg.jar:/home/Suinos/JMonkey/jME3_2014-06-12/lib/jME3-desktop.jar:/home/Suinos/JMonkey/jME3_2014-06-12/lib/jME3-blender.jar:/home/Suinos/JMonkey/jME3_2014-06-12/lib/jME3-terrain.jar:/home/Suinos/JMonkey/jME3_2014-06-12/lib/jME3-jbullet.jar:/home/Suinos/JMonkey/jME3_2014-06-12/lib/jME3-niftygui.jar:/home/Suinos/JMonkey/jME3_2014-06-12/lib/jME3-lwjgl.jar:/home/Suinos/JMonkey/jME3_2014-06-12/jMonkeyEngine3.jar
Launcher Type: SUN_STANDARD

Environment Variables:
PATH=/usr/lib64/qt-3.3/bin:/bin:/usr/bin:/usr/local/bin:/usr/local/sbin:/usr/sbin:/home/Suinos/.local/bin:/home/Suinos/bin
SHELL=/bin/bash
DISPLAY=:0

Signal Handlers:
SIGSEGV: [libjvm.so+0xa60550], sa_mask[0]=11111111011111111101111111111110, sa_flags=SA_RESTART|SA_SIGINFO
SIGBUS: [libjvm.so+0xa60550], sa_mask[0]=11111111011111111101111111111110, sa_flags=SA_RESTART|SA_SIGINFO
SIGFPE: [libjvm.so+0x8b5d50], sa_mask[0]=11111111011111111101111111111110, sa_flags=SA_RESTART|SA_SIGINFO
SIGPIPE: [libjvm.so+0x8b5d50], sa_mask[0]=11111111011111111101111111111110, sa_flags=SA_RESTART|SA_SIGINFO
SIGXFSZ: [libjvm.so+0x8b5d50], sa_mask[0]=11111111011111111101111111111110, sa_flags=SA_RESTART|SA_SIGINFO
SIGILL: [libjvm.so+0x8b5d50], sa_mask[0]=11111111011111111101111111111110, sa_flags=SA_RESTART|SA_SIGINFO
SIGUSR1: SIG_DFL, sa_mask[0]=00000000000000000000000000000000, sa_flags=none
SIGUSR2: [libjvm.so+0x8b5c00], sa_mask[0]=00100000000000000000000000000000, sa_flags=SA_RESTART|SA_SIGINFO
SIGHUP: [libjvm.so+0x8b5e10], sa_mask[0]=11111111011111111101111111111110, sa_flags=SA_RESTART|SA_SIGINFO
SIGINT: [libjvm.so+0x8b5e10], sa_mask[0]=11111111011111111101111111111110, sa_flags=SA_RESTART|SA_SIGINFO
SIGTERM: [libjvm.so+0x8b5e10], sa_mask[0]=11111111011111111101111111111110, sa_flags=SA_RESTART|SA_SIGINFO
SIGQUIT: [libjvm.so+0x8b5e10], sa_mask[0]=11111111011111111101111111111110, sa_flags=SA_RESTART|SA_SIGINFO


---------------  S Y S T E M  ---------------

OS:Fedora release 21 (Twenty One)

uname:Linux 3.19.5-200.fc21.x86_64 #1 SMP Mon Apr 20 19:51:56 UTC 2015 x86_64
libc:glibc 2.20 NPTL 2.20 
rlimit: STACK 8192k, CORE 0k, NPROC 4096, NOFILE 4096, AS infinity
load average:5,59 3,92 2,38

/proc/meminfo:
MemTotal:        4028936 kB
MemFree:          138172 kB
MemAvailable:     427692 kB
Buffers:           60484 kB
Cached:           417984 kB
SwapCached:         3712 kB
Active:          2494156 kB
Inactive:        1082448 kB
Active(anon):    2288184 kB
Inactive(anon):   868384 kB
Active(file):     205972 kB
Inactive(file):   214064 kB
Unevictable:          64 kB
Mlocked:              64 kB
SwapTotal:       4079612 kB
SwapFree:        3997820 kB
Dirty:              4828 kB
Writeback:          8672 kB
AnonPages:       3095196 kB
Mapped:           250572 kB
Shmem:             58176 kB
Slab:             135964 kB
SReclaimable:      76824 kB
SUnreclaim:        59140 kB
KernelStack:       10352 kB
PageTables:        79644 kB
NFS_Unstable:          0 kB
Bounce:                0 kB
WritebackTmp:          0 kB
CommitLimit:     6094080 kB
Committed_AS:    7138884 kB
VmallocTotal:   34359738367 kB
VmallocUsed:      312780 kB
VmallocChunk:   34359403324 kB
HardwareCorrupted:     0 kB
AnonHugePages:         0 kB
HugePages_Total:       0
HugePages_Free:        0
HugePages_Rsvd:        0
HugePages_Surp:        0
Hugepagesize:       2048 kB
DirectMap4k:      254208 kB
DirectMap2M:     3921920 kB


CPU:total 4 (2 cores per cpu, 2 threads per core) family 6 model 42 stepping 7, cmov, cx8, fxsr, mmx, sse, sse2, sse3, ssse3, sse4.1, sse4.2, popcnt, avx, aes, clmul, ht, tsc, tscinvbit

/proc/cpuinfo:
processor	: 0
vendor_id	: GenuineIntel
cpu family	: 6
model		: 42
model name	: Intel(R) Core(TM) i5-2450M CPU @ 2.50GHz
stepping	: 7
microcode	: 0x29
cpu MHz		: 1018.261
cache size	: 3072 KB
physical id	: 0
siblings	: 4
core id		: 0
cpu cores	: 2
apicid		: 0
initial apicid	: 0
fpu		: yes
fpu_exception	: yes
cpuid level	: 13
wp		: yes
flags		: fpu vme de pse tsc msr pae mce cx8 apic sep mtrr pge mca cmov pat pse36 clflush dts acpi mmx fxsr sse sse2 ss ht tm pbe syscall nx rdtscp lm constant_tsc arch_perfmon pebs bts rep_good nopl xtopology nonstop_tsc aperfmperf eagerfpu pni pclmulqdq dtes64 monitor ds_cpl vmx est tm2 ssse3 cx16 xtpr pdcm pcid sse4_1 sse4_2 x2apic popcnt tsc_deadline_timer aes xsave avx lahf_lm ida arat epb pln pts dtherm tpr_shadow vnmi flexpriority ept vpid xsaveopt
bugs		:
bogomips	: 4988.67
clflush size	: 64
cache_alignment	: 64
address sizes	: 36 bits physical, 48 bits virtual
power management:

processor	: 1
vendor_id	: GenuineIntel
cpu family	: 6
model		: 42
model name	: Intel(R) Core(TM) i5-2450M CPU @ 2.50GHz
stepping	: 7
microcode	: 0x29
cpu MHz		: 1108.593
cache size	: 3072 KB
physical id	: 0
siblings	: 4
core id		: 0
cpu cores	: 2
apicid		: 1
initial apicid	: 1
fpu		: yes
fpu_exception	: yes
cpuid level	: 13
wp		: yes
flags		: fpu vme de pse tsc msr pae mce cx8 apic sep mtrr pge mca cmov pat pse36 clflush dts acpi mmx fxsr sse sse2 ss ht tm pbe syscall nx rdtscp lm constant_tsc arch_perfmon pebs bts rep_good nopl xtopology nonstop_tsc aperfmperf eagerfpu pni pclmulqdq dtes64 monitor ds_cpl vmx est tm2 ssse3 cx16 xtpr pdcm pcid sse4_1 sse4_2 x2apic popcnt tsc_deadline_timer aes xsave avx lahf_lm ida arat epb pln pts dtherm tpr_shadow vnmi flexpriority ept vpid xsaveopt
bugs		:
bogomips	: 4988.67
clflush size	: 64
cache_alignment	: 64
address sizes	: 36 bits physical, 48 bits virtual
power management:

processor	: 2
vendor_id	: GenuineIntel
cpu family	: 6
model		: 42
model name	: Intel(R) Core(TM) i5-2450M CPU @ 2.50GHz
stepping	: 7
microcode	: 0x29
cpu MHz		: 1440.234
cache size	: 3072 KB
physical id	: 0
siblings	: 4
core id		: 1
cpu cores	: 2
apicid		: 2
initial apicid	: 2
fpu		: yes
fpu_exception	: yes
cpuid level	: 13
wp		: yes
flags		: fpu vme de pse tsc msr pae mce cx8 apic sep mtrr pge mca cmov pat pse36 clflush dts acpi mmx fxsr sse sse2 ss ht tm pbe syscall nx rdtscp lm constant_tsc arch_perfmon pebs bts rep_good nopl xtopology nonstop_tsc aperfmperf eagerfpu pni pclmulqdq dtes64 monitor ds_cpl vmx est tm2 ssse3 cx16 xtpr pdcm pcid sse4_1 sse4_2 x2apic popcnt tsc_deadline_timer aes xsave avx lahf_lm ida arat epb pln pts dtherm tpr_shadow vnmi flexpriority ept vpid xsaveopt
bugs		:
bogomips	: 4988.67
clflush size	: 64
cache_alignment	: 64
address sizes	: 36 bits physical, 48 bits virtual
power management:

processor	: 3
vendor_id	: GenuineIntel
cpu family	: 6
model		: 42
model name	: Intel(R) Core(TM) i5-2450M CPU @ 2.50GHz
stepping	: 7
microcode	: 0x29
cpu MHz		: 1083.984
cache size	: 3072 KB
physical id	: 0
siblings	: 4
core id		: 1
cpu cores	: 2
apicid		: 3
initial apicid	: 3
fpu		: yes
fpu_exception	: yes
cpuid level	: 13
wp		: yes
flags		: fpu vme de pse tsc msr pae mce cx8 apic sep mtrr pge mca cmov pat pse36 clflush dts acpi mmx fxsr sse sse2 ss ht tm pbe syscall nx rdtscp lm constant_tsc arch_perfmon pebs bts rep_good nopl xtopology nonstop_tsc aperfmperf eagerfpu pni pclmulqdq dtes64 monitor ds_cpl vmx est tm2 ssse3 cx16 xtpr pdcm pcid sse4_1 sse4_2 x2apic popcnt tsc_deadline_timer aes xsave avx lahf_lm ida arat epb pln pts dtherm tpr_shadow vnmi flexpriority ept vpid xsaveopt
bugs		:
bogomips	: 4988.67
clflush size	: 64
cache_alignment	: 64
address sizes	: 36 bits physical, 48 bits virtual
power management:



Memory: 4k page, physical 4028936k(138172k free), swap 4079612k(3997820k free)

vm_info: OpenJDK 64-Bit Server VM (25.45-b02) for linux-amd64 JRE (1.8.0_45-b13), built on Apr 15 2015 07:21:14 by "mockbuild" with gcc 4.9.2 20150212 (Red Hat 4.9.2-6)

time: Mon May 18 17:54:00 2015
elapsed time: 178 seconds (0d 0h 2m 58s)

